2021-06-23 14:58:12 0 [Note] InnoDB: The first innodb_system data file 'ibdata1' did not exist. A new tablespace will be created!
2021-06-23 14:58:12 0 [Note] InnoDB: Mutexes and rw_locks use Windows interlocked functions
2021-06-23 14:58:12 0 [Note] InnoDB: Uses event mutexes
2021-06-23 14:58:12 0 [Note] InnoDB: Compressed tables use zlib 1.2.11
2021-06-23 14:58:12 0 [Note] InnoDB: Number of pools: 1
2021-06-23 14:58:12 0 [Note] InnoDB: Using SSE2 crc32 instructions
2021-06-23 14:58:12 0 [Note] InnoDB: Initializing buffer pool, total size = 16M, instances = 1, chunk size = 16M
2021-06-23 14:58:12 0 [Note] InnoDB: Completed initialization of buffer pool
2021-06-23 14:58:12 0 [Note] InnoDB: Setting file 'C:\xampp\mysql\data\ibdata1' size to 10 MB. Physically writing the file full; Please wait ...
2021-06-23 14:58:12 0 [Note] InnoDB: File 'C:\xampp\mysql\data\ibdata1' size is now 10 MB.
2021-06-23 14:58:12 0 [Note] InnoDB: Setting log file C:\xampp\mysql\data\ib_logfile101 size to 5242880 bytes
2021-06-23 14:58:12 0 [Note] InnoDB: Setting log file C:\xampp\mysql\data\ib_logfile1 size to 5242880 bytes
2021-06-23 14:58:12 0 [Note] InnoDB: Renaming log file C:\xampp\mysql\data\ib_logfile101 to C:\xampp\mysql\data\ib_logfile0
2021-06-23 14:58:12 0 [Note] InnoDB: New log files created, LSN=11451
2021-06-23 14:58:12 0 [Note] InnoDB: Doublewrite buffer not found: creating new
2021-06-23 14:58:13 0 [Note] InnoDB: Doublewrite buffer created
2021-06-23 14:58:13 0 [Note] InnoDB: 128 out of 128 rollback segments are active.
2021-06-23 14:58:13 0 [Note] InnoDB: Creating foreign key constraint system tables.
2021-06-23 14:58:13 0 [Note] InnoDB: Creating tablespace and datafile system tables.
2021-06-23 14:58:13 0 [Note] InnoDB: Creating sys_virtual system tables.
2021-06-23 14:58:13 0 [Note] InnoDB: Creating shared tablespace for temporary tables
2021-06-23 14:58:13 0 [Note] InnoDB: Setting file 'C:\xampp\mysql\data\ibtmp1' size to 12 MB. Physically writing the file full; Please wait ...
2021-06-23 14:58:13 0 [Note] InnoDB: File 'C:\xampp\mysql\data\ibtmp1' size is now 12 MB.
2021-06-23 14:58:13 0 [Note] InnoDB: Waiting for purge to start
2021-06-23 14:58:13 0 [Note] InnoDB: 10.4.19 started; log sequence number 0; transaction id 7
2021-06-23 14:58:13 0 [Note] Plugin 'FEEDBACK' is disabled.
2021-06-23 14:58:13 0 [Note] Zerofilling moved table:  '.\mysql\plugin'
2021-06-23 14:58:13 0 [Note] Zerofilling moved table:  '.\mysql\servers'
2021-06-23 14:58:13 0 [Note] Server socket created on IP: '::'.
2021-06-23 14:58:13 0 [ERROR] Can't start server: Bind on TCP/IP port. Got error: 10048: Only one usage of each socket address (protocol/network address/port) is normally permitted.

2021-06-23 14:58:13 0 [ERROR] Do you already have another mysqld server running on port: 3306 ?
2021-06-23 14:58:13 0 [ERROR] Aborting
2021-06-23 14:58:19 0 [Note] InnoDB: Mutexes and rw_locks use Windows interlocked functions
2021-06-23 14:58:19 0 [Note] InnoDB: Uses event mutexes
2021-06-23 14:58:19 0 [Note] InnoDB: Compressed tables use zlib 1.2.11
2021-06-23 14:58:19 0 [Note] InnoDB: Number of pools: 1
2021-06-23 14:58:19 0 [Note] InnoDB: Using SSE2 crc32 instructions
2021-06-23 14:58:19 0 [Note] InnoDB: Initializing buffer pool, total size = 16M, instances = 1, chunk size = 16M
2021-06-23 14:58:19 0 [Note] InnoDB: Completed initialization of buffer pool
2021-06-23 14:58:19 0 [Note] InnoDB: 128 out of 128 rollback segments are active.
2021-06-23 14:58:19 0 [Note] InnoDB: Creating shared tablespace for temporary tables
2021-06-23 14:58:19 0 [Note] InnoDB: Setting file 'C:\xampp\mysql\data\ibtmp1' size to 12 MB. Physically writing the file full; Please wait ...
2021-06-23 14:58:19 0 [Note] InnoDB: File 'C:\xampp\mysql\data\ibtmp1' size is now 12 MB.
2021-06-23 14:58:19 0 [Note] InnoDB: Waiting for purge to start
2021-06-23 14:58:19 0 [Note] InnoDB: 10.4.19 started; log sequence number 47054; transaction id 8
2021-06-23 14:58:19 0 [Note] InnoDB: Loading buffer pool(s) from C:\xampp\mysql\data\ib_buffer_pool
2021-06-23 14:58:19 0 [Note] InnoDB: Buffer pool(s) load completed at 210623 14:58:19
2021-06-23 14:58:19 0 [Note] Plugin 'FEEDBACK' is disabled.
2021-06-23 14:58:19 0 [Note] Server socket created on IP: '::'.
2021-06-23 14:58:19 0 [ERROR] Can't start server: Bind on TCP/IP port. Got error: 10048: Only one usage of each socket address (protocol/network address/port) is normally permitted.

2021-06-23 14:58:19 0 [ERROR] Do you already have another mysqld server running on port: 3306 ?
2021-06-23 14:58:19 0 [ERROR] Aborting
2021-06-23 14:59:48 0 [Note] InnoDB: Mutexes and rw_locks use Windows interlocked functions
2021-06-23 14:59:48 0 [Note] InnoDB: Uses event mutexes
2021-06-23 14:59:48 0 [Note] InnoDB: Compressed tables use zlib 1.2.11
2021-06-23 14:59:48 0 [Note] InnoDB: Number of pools: 1
2021-06-23 14:59:48 0 [Note] InnoDB: Using SSE2 crc32 instructions
2021-06-23 14:59:48 0 [Note] InnoDB: Initializing buffer pool, total size = 16M, instances = 1, chunk size = 16M
2021-06-23 14:59:48 0 [Note] InnoDB: Completed initialization of buffer pool
2021-06-23 14:59:48 0 [Note] InnoDB: 128 out of 128 rollback segments are active.
2021-06-23 14:59:48 0 [Note] InnoDB: Creating shared tablespace for temporary tables
2021-06-23 14:59:48 0 [Note] InnoDB: Setting file 'C:\xampp\mysql\data\ibtmp1' size to 12 MB. Physically writing the file full; Please wait ...
2021-06-23 14:59:48 0 [Note] InnoDB: File 'C:\xampp\mysql\data\ibtmp1' size is now 12 MB.
2021-06-23 14:59:48 0 [Note] InnoDB: 10.4.19 started; log sequence number 47063; transaction id 8
2021-06-23 14:59:48 0 [Note] InnoDB: Loading buffer pool(s) from C:\xampp\mysql\data\ib_buffer_pool
2021-06-23 14:59:48 0 [Note] Plugin 'FEEDBACK' is disabled.
2021-06-23 14:59:48 0 [Note] InnoDB: Buffer pool(s) load completed at 210623 14:59:48
2021-06-23 14:59:48 0 [Note] Server socket created on IP: '::'.
2021-06-23 14:59:48 0 [ERROR] Can't start server: Bind on TCP/IP port. Got error: 10048: Only one usage of each socket address (protocol/network address/port) is normally permitted.

2021-06-23 14:59:48 0 [ERROR] Do you already have another mysqld server running on port: 3306 ?
2021-06-23 14:59:48 0 [ERROR] Aborting
2021-06-23 15:01:03 0 [Note] InnoDB: Mutexes and rw_locks use Windows interlocked functions
2021-06-23 15:01:03 0 [Note] InnoDB: Uses event mutexes
2021-06-23 15:01:03 0 [Note] InnoDB: Compressed tables use zlib 1.2.11
2021-06-23 15:01:03 0 [Note] InnoDB: Number of pools: 1
2021-06-23 15:01:03 0 [Note] InnoDB: Using SSE2 crc32 instructions
2021-06-23 15:01:03 0 [Note] InnoDB: Initializing buffer pool, total size = 16M, instances = 1, chunk size = 16M
2021-06-23 15:01:03 0 [Note] InnoDB: Completed initialization of buffer pool
2021-06-23 15:01:03 0 [Note] InnoDB: 128 out of 128 rollback segments are active.
2021-06-23 15:01:03 0 [Note] InnoDB: Creating shared tablespace for temporary tables
2021-06-23 15:01:03 0 [Note] InnoDB: Setting file 'C:\xampp\mysql\data\ibtmp1' size to 12 MB. Physically writing the file full; Please wait ...
2021-06-23 15:01:03 0 [Note] InnoDB: File 'C:\xampp\mysql\data\ibtmp1' size is now 12 MB.
2021-06-23 15:01:03 0 [Note] InnoDB: Waiting for purge to start
2021-06-23 15:01:03 0 [Note] InnoDB: 10.4.19 started; log sequence number 47072; transaction id 8
2021-06-23 15:01:03 0 [Note] InnoDB: Loading buffer pool(s) from C:\xampp\mysql\data\ib_buffer_pool
2021-06-23 15:01:03 0 [Note] Plugin 'FEEDBACK' is disabled.
2021-06-23 15:01:03 0 [Note] InnoDB: Buffer pool(s) load completed at 210623 15:01:03
2021-06-23 15:01:03 0 [Note] Server socket created on IP: '::'.
2021-06-23 15:01:03 0 [ERROR] Can't start server: Bind on TCP/IP port. Got error: 10048: Only one usage of each socket address (protocol/network address/port) is normally permitted.

2021-06-23 15:01:03 0 [ERROR] Do you already have another mysqld server running on port: 3306 ?
2021-06-23 15:01:03 0 [ERROR] Aborting
2021-06-23 15:02:19 0 [Note] InnoDB: Mutexes and rw_locks use Windows interlocked functions
2021-06-23 15:02:19 0 [Note] InnoDB: Uses event mutexes
2021-06-23 15:02:19 0 [Note] InnoDB: Compressed tables use zlib 1.2.11
2021-06-23 15:02:19 0 [Note] InnoDB: Number of pools: 1
2021-06-23 15:02:19 0 [Note] InnoDB: Using SSE2 crc32 instructions
2021-06-23 15:02:19 0 [Note] InnoDB: Initializing buffer pool, total size = 16M, instances = 1, chunk size = 16M
2021-06-23 15:02:19 0 [Note] InnoDB: Completed initialization of buffer pool
2021-06-23 15:02:20 0 [Note] InnoDB: 128 out of 128 rollback segments are active.
2021-06-23 15:02:20 0 [Note] InnoDB: Creating shared tablespace for temporary tables
2021-06-23 15:02:20 0 [Note] InnoDB: Setting file 'C:\xampp\mysql\data\ibtmp1' size to 12 MB. Physically writing the file full; Please wait ...
2021-06-23 15:02:20 0 [Note] InnoDB: File 'C:\xampp\mysql\data\ibtmp1' size is now 12 MB.
2021-06-23 15:02:20 0 [Note] InnoDB: 10.4.19 started; log sequence number 47081; transaction id 8
2021-06-23 15:02:20 0 [Note] InnoDB: Loading buffer pool(s) from C:\xampp\mysql\data\ib_buffer_pool
2021-06-23 15:02:20 0 [Note] Plugin 'FEEDBACK' is disabled.
2021-06-23 15:02:20 0 [Note] InnoDB: Buffer pool(s) load completed at 210623 15:02:20
2021-06-23 15:02:20 0 [Note] Server socket created on IP: '::'.
2021-06-23 15:02:20 0 [ERROR] Can't start server: Bind on TCP/IP port. Got error: 10048: Only one usage of each socket address (protocol/network address/port) is normally permitted.

2021-06-23 15:02:20 0 [ERROR] Do you already have another mysqld server running on port: 3306 ?
2021-06-23 15:02:20 0 [ERROR] Aborting
2021-06-23 15:02:23 0 [Note] InnoDB: Mutexes and rw_locks use Windows interlocked functions
2021-06-23 15:02:23 0 [Note] InnoDB: Uses event mutexes
2021-06-23 15:02:23 0 [Note] InnoDB: Compressed tables use zlib 1.2.11
2021-06-23 15:02:23 0 [Note] InnoDB: Number of pools: 1
2021-06-23 15:02:23 0 [Note] InnoDB: Using SSE2 crc32 instructions
2021-06-23 15:02:23 0 [Note] InnoDB: Initializing buffer pool, total size = 16M, instances = 1, chunk size = 16M
2021-06-23 15:02:23 0 [Note] InnoDB: Completed initialization of buffer pool
2021-06-23 15:02:23 0 [Note] InnoDB: 128 out of 128 rollback segments are active.
2021-06-23 15:02:23 0 [Note] InnoDB: Creating shared tablespace for temporary tables
2021-06-23 15:02:23 0 [Note] InnoDB: Setting file 'C:\xampp\mysql\data\ibtmp1' size to 12 MB. Physically writing the file full; Please wait ...
2021-06-23 15:02:23 0 [Note] InnoDB: File 'C:\xampp\mysql\data\ibtmp1' size is now 12 MB.
2021-06-23 15:02:23 0 [Note] InnoDB: Waiting for purge to start
2021-06-23 15:02:23 0 [Note] InnoDB: 10.4.19 started; log sequence number 47090; transaction id 8
2021-06-23 15:02:23 0 [Note] InnoDB: Loading buffer pool(s) from C:\xampp\mysql\data\ib_buffer_pool
2021-06-23 15:02:23 0 [Note] Plugin 'FEEDBACK' is disabled.
2021-06-23 15:02:23 0 [Note] InnoDB: Buffer pool(s) load completed at 210623 15:02:23
2021-06-23 15:02:23 0 [Note] Server socket created on IP: '::'.
2021-06-23 15:02:23 0 [ERROR] Can't start server: Bind on TCP/IP port. Got error: 10048: Only one usage of each socket address (protocol/network address/port) is normally permitted.

2021-06-23 15:02:23 0 [ERROR] Do you already have another mysqld server running on port: 3306 ?
2021-06-23 15:02:23 0 [ERROR] Aborting
2021-06-23 15:02:27 0 [Note] InnoDB: Mutexes and rw_locks use Windows interlocked functions
2021-06-23 15:02:27 0 [Note] InnoDB: Uses event mutexes
2021-06-23 15:02:27 0 [Note] InnoDB: Compressed tables use zlib 1.2.11
2021-06-23 15:02:27 0 [Note] InnoDB: Number of pools: 1
2021-06-23 15:02:27 0 [Note] InnoDB: Using SSE2 crc32 instructions
2021-06-23 15:02:27 0 [Note] InnoDB: Initializing buffer pool, total size = 16M, instances = 1, chunk size = 16M
2021-06-23 15:02:27 0 [Note] InnoDB: Completed initialization of buffer pool
2021-06-23 15:02:27 0 [Note] InnoDB: 128 out of 128 rollback segments are active.
2021-06-23 15:02:27 0 [Note] InnoDB: Creating shared tablespace for temporary tables
2021-06-23 15:02:27 0 [Note] InnoDB: Setting file 'C:\xampp\mysql\data\ibtmp1' size to 12 MB. Physically writing the file full; Please wait ...
2021-06-23 15:02:27 0 [Note] InnoDB: File 'C:\xampp\mysql\data\ibtmp1' size is now 12 MB.
2021-06-23 15:02:27 0 [Note] InnoDB: Waiting for purge to start
2021-06-23 15:02:27 0 [Note] InnoDB: 10.4.19 started; log sequence number 47099; transaction id 8
2021-06-23 15:02:27 0 [Note] InnoDB: Loading buffer pool(s) from C:\xampp\mysql\data\ib_buffer_pool
2021-06-23 15:02:27 0 [Note] Plugin 'FEEDBACK' is disabled.
2021-06-23 15:02:27 0 [Note] InnoDB: Buffer pool(s) load completed at 210623 15:02:27
2021-06-23 15:02:27 0 [Note] Server socket created on IP: '::'.
2021-06-23 15:02:27 0 [ERROR] Can't start server: Bind on TCP/IP port. Got error: 10048: Only one usage of each socket address (protocol/network address/port) is normally permitted.

2021-06-23 15:02:27 0 [ERROR] Do you already have another mysqld server running on port: 3306 ?
2021-06-23 15:02:27 0 [ERROR] Aborting
2021-06-23 15:05:46 0 [Note] InnoDB: The first innodb_system data file 'ibdata1' did not exist. A new tablespace will be created!
2021-06-23 15:05:46 0 [Note] InnoDB: Mutexes and rw_locks use Windows interlocked functions
2021-06-23 15:05:46 0 [Note] InnoDB: Uses event mutexes
2021-06-23 15:05:46 0 [Note] InnoDB: Compressed tables use zlib 1.2.11
2021-06-23 15:05:46 0 [Note] InnoDB: Number of pools: 1
2021-06-23 15:05:46 0 [Note] InnoDB: Using SSE2 crc32 instructions
2021-06-23 15:05:46 0 [Note] InnoDB: Initializing buffer pool, total size = 16M, instances = 1, chunk size = 16M
2021-06-23 15:05:46 0 [Note] InnoDB: Completed initialization of buffer pool
2021-06-23 15:05:46 0 [Note] InnoDB: Setting file 'C:\xampp\mysql\data\ibdata1' size to 10 MB. Physically writing the file full; Please wait ...
2021-06-23 15:05:46 0 [Note] InnoDB: File 'C:\xampp\mysql\data\ibdata1' size is now 10 MB.
2021-06-23 15:05:46 0 [Note] InnoDB: Setting log file C:\xampp\mysql\data\ib_logfile101 size to 5242880 bytes
2021-06-23 15:05:46 0 [Note] InnoDB: Setting log file C:\xampp\mysql\data\ib_logfile1 size to 5242880 bytes
2021-06-23 15:05:46 0 [Note] InnoDB: Renaming log file C:\xampp\mysql\data\ib_logfile101 to C:\xampp\mysql\data\ib_logfile0
2021-06-23 15:05:46 0 [Note] InnoDB: New log files created, LSN=11451
2021-06-23 15:05:46 0 [Note] InnoDB: Doublewrite buffer not found: creating new
2021-06-23 15:05:46 0 [Note] InnoDB: Doublewrite buffer created
2021-06-23 15:05:46 0 [Note] InnoDB: 128 out of 128 rollback segments are active.
2021-06-23 15:05:46 0 [Note] InnoDB: Creating foreign key constraint system tables.
2021-06-23 15:05:46 0 [Note] InnoDB: Creating tablespace and datafile system tables.
2021-06-23 15:05:46 0 [Note] InnoDB: Creating sys_virtual system tables.
2021-06-23 15:05:47 0 [Note] InnoDB: Creating shared tablespace for temporary tables
2021-06-23 15:05:47 0 [Note] InnoDB: Setting file 'C:\xampp\mysql\data\ibtmp1' size to 12 MB. Physically writing the file full; Please wait ...
2021-06-23 15:05:47 0 [Note] InnoDB: File 'C:\xampp\mysql\data\ibtmp1' size is now 12 MB.
2021-06-23 15:05:47 0 [Note] InnoDB: 10.4.19 started; log sequence number 0; transaction id 7
2021-06-23 15:05:47 0 [Note] Plugin 'FEEDBACK' is disabled.
2021-06-23 15:05:47 0 [Note] Zerofilling moved table:  '.\mysql\plugin'
2021-06-23 15:05:47 0 [Note] Zerofilling moved table:  '.\mysql\servers'
2021-06-23 15:05:47 0 [Note] Server socket created on IP: '::'.
2021-06-23 15:05:47 0 [ERROR] Can't start server: Bind on TCP/IP port. Got error: 10048: Only one usage of each socket address (protocol/network address/port) is normally permitted.

2021-06-23 15:05:47 0 [ERROR] Do you already have another mysqld server running on port: 3306 ?
2021-06-23 15:05:47 0 [ERROR] Aborting
2021-06-23 15:07:35 0 [Note] InnoDB: Mutexes and rw_locks use Windows interlocked functions
2021-06-23 15:07:35 0 [Note] InnoDB: Uses event mutexes
2021-06-23 15:07:35 0 [Note] InnoDB: Compressed tables use zlib 1.2.11
2021-06-23 15:07:35 0 [Note] InnoDB: Number of pools: 1
2021-06-23 15:07:35 0 [Note] InnoDB: Using SSE2 crc32 instructions
2021-06-23 15:07:35 0 [Note] InnoDB: Initializing buffer pool, total size = 16M, instances = 1, chunk size = 16M
2021-06-23 15:07:35 0 [Note] InnoDB: Completed initialization of buffer pool
2021-06-23 15:07:35 0 [Note] InnoDB: 128 out of 128 rollback segments are active.
2021-06-23 15:07:35 0 [Note] InnoDB: Creating shared tablespace for temporary tables
2021-06-23 15:07:35 0 [Note] InnoDB: Setting file 'C:\xampp\mysql\data\ibtmp1' size to 12 MB. Physically writing the file full; Please wait ...
2021-06-23 15:07:35 0 [Note] InnoDB: File 'C:\xampp\mysql\data\ibtmp1' size is now 12 MB.
2021-06-23 15:07:35 0 [Note] InnoDB: Waiting for purge to start
2021-06-23 15:07:35 0 [Note] InnoDB: 10.4.19 started; log sequence number 47054; transaction id 8
2021-06-23 15:07:35 0 [Note] InnoDB: Loading buffer pool(s) from C:\xampp\mysql\data\ib_buffer_pool
2021-06-23 15:07:35 0 [Note] Plugin 'FEEDBACK' is disabled.
2021-06-23 15:07:35 0 [Note] InnoDB: Buffer pool(s) load completed at 210623 15:07:35
2021-06-23 15:07:35 0 [Note] Server socket created on IP: '::'.
2021-06-23 20:43:15 0 [Note] InnoDB: Mutexes and rw_locks use Windows interlocked functions
2021-06-23 20:43:15 0 [Note] InnoDB: Uses event mutexes
2021-06-23 20:43:15 0 [Note] InnoDB: Compressed tables use zlib 1.2.11
2021-06-23 20:43:15 0 [Note] InnoDB: Number of pools: 1
2021-06-23 20:43:15 0 [Note] InnoDB: Using SSE2 crc32 instructions
2021-06-23 20:43:15 0 [Note] InnoDB: Initializing buffer pool, total size = 16M, instances = 1, chunk size = 16M
2021-06-23 20:43:15 0 [Note] InnoDB: Completed initialization of buffer pool
2021-06-23 20:43:15 0 [Note] InnoDB: Starting crash recovery from checkpoint LSN=49559
2021-06-23 20:43:15 0 [Note] InnoDB: 128 out of 128 rollback segments are active.
2021-06-23 20:43:15 0 [Note] InnoDB: Removed temporary tablespace data file: "ibtmp1"
2021-06-23 20:43:15 0 [Note] InnoDB: Creating shared tablespace for temporary tables
2021-06-23 20:43:15 0 [Note] InnoDB: Setting file 'C:\xampp\mysql\data\ibtmp1' size to 12 MB. Physically writing the file full; Please wait ...
2021-06-23 20:43:15 0 [Note] InnoDB: File 'C:\xampp\mysql\data\ibtmp1' size is now 12 MB.
2021-06-23 20:43:15 0 [Note] InnoDB: Waiting for purge to start
2021-06-23 20:43:15 0 [Note] InnoDB: 10.4.19 started; log sequence number 49568; transaction id 11
2021-06-23 20:43:15 0 [Note] InnoDB: Loading buffer pool(s) from C:\xampp\mysql\data\ib_buffer_pool
2021-06-23 20:43:15 0 [Note] Plugin 'FEEDBACK' is disabled.
2021-06-23 20:43:16 0 [Note] InnoDB: Buffer pool(s) load completed at 210623 20:43:16
2021-06-23 20:43:16 0 [Note] Server socket created on IP: '::'.
2021-06-24 13:42:17 0 [Note] InnoDB: Mutexes and rw_locks use Windows interlocked functions
2021-06-24 13:42:17 0 [Note] InnoDB: Uses event mutexes
2021-06-24 13:42:17 0 [Note] InnoDB: Compressed tables use zlib 1.2.11
2021-06-24 13:42:17 0 [Note] InnoDB: Number of pools: 1
2021-06-24 13:42:17 0 [Note] InnoDB: Using SSE2 crc32 instructions
2021-06-24 13:42:17 0 [Note] InnoDB: Initializing buffer pool, total size = 16M, instances = 1, chunk size = 16M
2021-06-24 13:42:17 0 [Note] InnoDB: Completed initialization of buffer pool
2021-06-24 13:42:18 0 [Note] InnoDB: Starting crash recovery from checkpoint LSN=64595
2021-06-24 13:42:18 0 [Note] InnoDB: 128 out of 128 rollback segments are active.
2021-06-24 13:42:18 0 [Note] InnoDB: Removed temporary tablespace data file: "ibtmp1"
2021-06-24 13:42:18 0 [Note] InnoDB: Creating shared tablespace for temporary tables
2021-06-24 13:42:18 0 [Note] InnoDB: Setting file 'C:\xampp\mysql\data\ibtmp1' size to 12 MB. Physically writing the file full; Please wait ...
2021-06-24 13:42:18 0 [Note] InnoDB: File 'C:\xampp\mysql\data\ibtmp1' size is now 12 MB.
2021-06-24 13:42:18 0 [Note] InnoDB: Waiting for purge to start
2021-06-24 13:42:18 0 [Note] InnoDB: 10.4.19 started; log sequence number 64604; transaction id 46
2021-06-24 13:42:18 0 [Note] InnoDB: Loading buffer pool(s) from C:\xampp\mysql\data\ib_buffer_pool
2021-06-24 13:42:18 0 [Note] Plugin 'FEEDBACK' is disabled.
2021-06-24 13:42:18 0 [Note] InnoDB: Buffer pool(s) load completed at 210624 13:42:18
2021-06-24 13:42:18 0 [Note] Server socket created on IP: '::'.
2021-06-24 15:47:52 0 [Note] InnoDB: Mutexes and rw_locks use Windows interlocked functions
2021-06-24 15:47:52 0 [Note] InnoDB: Uses event mutexes
2021-06-24 15:47:52 0 [Note] InnoDB: Compressed tables use zlib 1.2.11
2021-06-24 15:47:52 0 [Note] InnoDB: Number of pools: 1
2021-06-24 15:47:52 0 [Note] InnoDB: Using SSE2 crc32 instructions
2021-06-24 15:47:52 0 [Note] InnoDB: Initializing buffer pool, total size = 16M, instances = 1, chunk size = 16M
2021-06-24 15:47:52 0 [Note] InnoDB: Completed initialization of buffer pool
2021-06-24 15:47:52 0 [Note] InnoDB: Starting crash recovery from checkpoint LSN=64613
2021-06-24 15:47:52 0 [Note] InnoDB: 128 out of 128 rollback segments are active.
2021-06-24 15:47:52 0 [Note] InnoDB: Removed temporary tablespace data file: "ibtmp1"
2021-06-24 15:47:52 0 [Note] InnoDB: Creating shared tablespace for temporary tables
2021-06-24 15:47:52 0 [Note] InnoDB: Setting file 'C:\xampp\mysql\data\ibtmp1' size to 12 MB. Physically writing the file full; Please wait ...
2021-06-24 15:47:52 0 [Note] InnoDB: File 'C:\xampp\mysql\data\ibtmp1' size is now 12 MB.
2021-06-24 15:47:52 0 [Note] InnoDB: Waiting for purge to start
2021-06-24 15:47:52 0 [Note] InnoDB: 10.4.19 started; log sequence number 64622; transaction id 46
2021-06-24 15:47:52 0 [Note] InnoDB: Loading buffer pool(s) from C:\xampp\mysql\data\ib_buffer_pool
2021-06-24 15:47:52 0 [Note] Plugin 'FEEDBACK' is disabled.
2021-06-24 15:47:52 0 [Note] InnoDB: Buffer pool(s) load completed at 210624 15:47:52
2021-06-24 15:47:52 0 [Note] Server socket created on IP: '::'.
2021-06-25 13:50:08 0 [Note] InnoDB: Mutexes and rw_locks use Windows interlocked functions
2021-06-25 13:50:08 0 [Note] InnoDB: Uses event mutexes
2021-06-25 13:50:08 0 [Note] InnoDB: Compressed tables use zlib 1.2.11
2021-06-25 13:50:08 0 [Note] InnoDB: Number of pools: 1
2021-06-25 13:50:08 0 [Note] InnoDB: Using SSE2 crc32 instructions
2021-06-25 13:50:08 0 [Note] InnoDB: Initializing buffer pool, total size = 16M, instances = 1, chunk size = 16M
2021-06-25 13:50:08 0 [Note] InnoDB: Completed initialization of buffer pool
2021-06-25 13:50:08 0 [Note] InnoDB: Starting crash recovery from checkpoint LSN=67472
2021-06-25 13:50:08 0 [Note] InnoDB: 128 out of 128 rollback segments are active.
2021-06-25 13:50:08 0 [Note] InnoDB: Removed temporary tablespace data file: "ibtmp1"
2021-06-25 13:50:08 0 [Note] InnoDB: Creating shared tablespace for temporary tables
2021-06-25 13:50:08 0 [Note] InnoDB: Setting file 'C:\xampp\mysql\data\ibtmp1' size to 12 MB. Physically writing the file full; Please wait ...
2021-06-25 13:50:08 0 [Note] InnoDB: File 'C:\xampp\mysql\data\ibtmp1' size is now 12 MB.
2021-06-25 13:50:08 0 [Note] InnoDB: Waiting for purge to start
2021-06-25 13:50:08 0 [Note] InnoDB: 10.4.19 started; log sequence number 67481; transaction id 61
2021-06-25 13:50:08 0 [Note] InnoDB: Loading buffer pool(s) from C:\xampp\mysql\data\ib_buffer_pool
2021-06-25 13:50:08 0 [Note] Plugin 'FEEDBACK' is disabled.
2021-06-25 13:50:08 0 [Note] InnoDB: Buffer pool(s) load completed at 210625 13:50:08
2021-06-25 13:50:08 0 [Note] Server socket created on IP: '::'.
2021-06-25 17:21:41 0 [Note] InnoDB: Mutexes and rw_locks use Windows interlocked functions
2021-06-25 17:21:41 0 [Note] InnoDB: Uses event mutexes
2021-06-25 17:21:41 0 [Note] InnoDB: Compressed tables use zlib 1.2.11
2021-06-25 17:21:41 0 [Note] InnoDB: Number of pools: 1
2021-06-25 17:21:41 0 [Note] InnoDB: Using SSE2 crc32 instructions
2021-06-25 17:21:41 0 [Note] InnoDB: Initializing buffer pool, total size = 16M, instances = 1, chunk size = 16M
2021-06-25 17:21:41 0 [Note] InnoDB: Completed initialization of buffer pool
2021-06-25 17:21:41 0 [Note] InnoDB: Starting crash recovery from checkpoint LSN=74008
2021-06-25 17:21:42 0 [Note] InnoDB: 128 out of 128 rollback segments are active.
2021-06-25 17:21:42 0 [Note] InnoDB: Removed temporary tablespace data file: "ibtmp1"
2021-06-25 17:21:42 0 [Note] InnoDB: Creating shared tablespace for temporary tables
2021-06-25 17:21:42 0 [Note] InnoDB: Setting file 'C:\xampp\mysql\data\ibtmp1' size to 12 MB. Physically writing the file full; Please wait ...
2021-06-25 17:21:42 0 [Note] InnoDB: File 'C:\xampp\mysql\data\ibtmp1' size is now 12 MB.
2021-06-25 17:21:42 0 [Note] InnoDB: Waiting for purge to start
2021-06-25 17:21:42 0 [Note] InnoDB: 10.4.19 started; log sequence number 74017; transaction id 88
2021-06-25 17:21:42 0 [Note] InnoDB: Loading buffer pool(s) from C:\xampp\mysql\data\ib_buffer_pool
2021-06-25 17:21:42 0 [Note] Plugin 'FEEDBACK' is disabled.
2021-06-25 17:21:42 0 [Note] InnoDB: Buffer pool(s) load completed at 210625 17:21:42
2021-06-25 17:21:42 0 [Note] Server socket created on IP: '::'.
2021-06-25 22:13:39 0 [Note] InnoDB: Mutexes and rw_locks use Windows interlocked functions
2021-06-25 22:13:39 0 [Note] InnoDB: Uses event mutexes
2021-06-25 22:13:39 0 [Note] InnoDB: Compressed tables use zlib 1.2.11
2021-06-25 22:13:39 0 [Note] InnoDB: Number of pools: 1
2021-06-25 22:13:39 0 [Note] InnoDB: Using SSE2 crc32 instructions
2021-06-25 22:13:39 0 [Note] InnoDB: Initializing buffer pool, total size = 16M, instances = 1, chunk size = 16M
2021-06-25 22:13:39 0 [Note] InnoDB: Completed initialization of buffer pool
2021-06-25 22:13:40 0 [Note] InnoDB: Starting crash recovery from checkpoint LSN=81567
2021-06-25 22:13:40 0 [Note] InnoDB: 128 out of 128 rollback segments are active.
2021-06-25 22:13:40 0 [Note] InnoDB: Removed temporary tablespace data file: "ibtmp1"
2021-06-25 22:13:40 0 [Note] InnoDB: Creating shared tablespace for temporary tables
2021-06-25 22:13:40 0 [Note] InnoDB: Setting file 'C:\xampp\mysql\data\ibtmp1' size to 12 MB. Physically writing the file full; Please wait ...
2021-06-25 22:13:40 0 [Note] InnoDB: File 'C:\xampp\mysql\data\ibtmp1' size is now 12 MB.
2021-06-25 22:13:40 0 [Note] InnoDB: Waiting for purge to start
2021-06-25 22:13:40 0 [Note] InnoDB: 10.4.19 started; log sequence number 81576; transaction id 119
2021-06-25 22:13:40 0 [Note] InnoDB: Loading buffer pool(s) from C:\xampp\mysql\data\ib_buffer_pool
2021-06-25 22:13:40 0 [Note] Plugin 'FEEDBACK' is disabled.
2021-06-25 22:13:40 0 [Note] InnoDB: Buffer pool(s) load completed at 210625 22:13:40
2021-06-25 22:13:40 0 [Note] Server socket created on IP: '::'.
2021-06-26 12:28:32 0 [Note] InnoDB: Mutexes and rw_locks use Windows interlocked functions
2021-06-26 12:28:32 0 [Note] InnoDB: Uses event mutexes
2021-06-26 12:28:32 0 [Note] InnoDB: Compressed tables use zlib 1.2.11
2021-06-26 12:28:32 0 [Note] InnoDB: Number of pools: 1
2021-06-26 12:28:32 0 [Note] InnoDB: Using SSE2 crc32 instructions
2021-06-26 12:28:32 0 [Note] InnoDB: Initializing buffer pool, total size = 16M, instances = 1, chunk size = 16M
2021-06-26 12:28:32 0 [Note] InnoDB: Completed initialization of buffer pool
2021-06-26 12:28:34 0 [Note] InnoDB: Starting crash recovery from checkpoint LSN=85835
2021-06-26 12:28:36 0 [Note] InnoDB: 128 out of 128 rollback segments are active.
2021-06-26 12:28:36 0 [Note] InnoDB: Removed temporary tablespace data file: "ibtmp1"
2021-06-26 12:28:36 0 [Note] InnoDB: Creating shared tablespace for temporary tables
2021-06-26 12:28:36 0 [Note] InnoDB: Setting file 'C:\xampp\mysql\data\ibtmp1' size to 12 MB. Physically writing the file full; Please wait ...
2021-06-26 12:28:36 0 [Note] InnoDB: File 'C:\xampp\mysql\data\ibtmp1' size is now 12 MB.
2021-06-26 12:28:36 0 [Note] InnoDB: Waiting for purge to start
2021-06-26 12:28:36 0 [Note] InnoDB: 10.4.19 started; log sequence number 85844; transaction id 136
2021-06-26 12:28:36 0 [Note] InnoDB: Loading buffer pool(s) from C:\xampp\mysql\data\ib_buffer_pool
2021-06-26 12:28:36 0 [Note] Plugin 'FEEDBACK' is disabled.
2021-06-26 12:28:37 0 [Note] InnoDB: Buffer pool(s) load completed at 210626 12:28:37
2021-06-26 12:28:37 0 [Note] Server socket created on IP: '::'.
2021-06-26 14:39:51 0 [Note] InnoDB: Mutexes and rw_locks use Windows interlocked functions
2021-06-26 14:39:51 0 [Note] InnoDB: Uses event mutexes
2021-06-26 14:39:51 0 [Note] InnoDB: Compressed tables use zlib 1.2.11
2021-06-26 14:39:51 0 [Note] InnoDB: Number of pools: 1
2021-06-26 14:39:51 0 [Note] InnoDB: Using SSE2 crc32 instructions
2021-06-26 14:39:51 0 [Note] InnoDB: Initializing buffer pool, total size = 16M, instances = 1, chunk size = 16M
2021-06-26 14:39:51 0 [Note] InnoDB: Completed initialization of buffer pool
2021-06-26 14:39:51 0 [Note] InnoDB: Starting crash recovery from checkpoint LSN=120699
2021-06-26 14:39:51 0 [Note] InnoDB: 128 out of 128 rollback segments are active.
2021-06-26 14:39:51 0 [Note] InnoDB: Removed temporary tablespace data file: "ibtmp1"
2021-06-26 14:39:51 0 [Note] InnoDB: Creating shared tablespace for temporary tables
2021-06-26 14:39:51 0 [Note] InnoDB: Setting file 'C:\xampp\mysql\data\ibtmp1' size to 12 MB. Physically writing the file full; Please wait ...
2021-06-26 14:39:51 0 [Note] InnoDB: File 'C:\xampp\mysql\data\ibtmp1' size is now 12 MB.
2021-06-26 14:39:51 0 [Note] InnoDB: Waiting for purge to start
2021-06-26 14:39:51 0 [Note] InnoDB: 10.4.19 started; log sequence number 120708; transaction id 263
2021-06-26 14:39:51 0 [Note] InnoDB: Loading buffer pool(s) from C:\xampp\mysql\data\ib_buffer_pool
2021-06-26 14:39:51 0 [Note] Plugin 'FEEDBACK' is disabled.
2021-06-26 14:39:51 0 [Note] InnoDB: Buffer pool(s) load completed at 210626 14:39:51
2021-06-26 14:39:51 0 [Note] Server socket created on IP: '::'.
2021-06-26 18:33:38 0 [Note] InnoDB: Mutexes and rw_locks use Windows interlocked functions
2021-06-26 18:33:38 0 [Note] InnoDB: Uses event mutexes
2021-06-26 18:33:38 0 [Note] InnoDB: Compressed tables use zlib 1.2.11
2021-06-26 18:33:38 0 [Note] InnoDB: Number of pools: 1
2021-06-26 18:33:38 0 [Note] InnoDB: Using SSE2 crc32 instructions
2021-06-26 18:33:38 0 [Note] InnoDB: Initializing buffer pool, total size = 16M, instances = 1, chunk size = 16M
2021-06-26 18:33:38 0 [Note] InnoDB: Completed initialization of buffer pool
2021-06-26 18:33:38 0 [Note] InnoDB: Starting crash recovery from checkpoint LSN=136523
2021-06-26 18:33:38 0 [Note] InnoDB: 128 out of 128 rollback segments are active.
2021-06-26 18:33:38 0 [Note] InnoDB: Removed temporary tablespace data file: "ibtmp1"
2021-06-26 18:33:38 0 [Note] InnoDB: Creating shared tablespace for temporary tables
2021-06-26 18:33:38 0 [Note] InnoDB: Setting file 'C:\xampp\mysql\data\ibtmp1' size to 12 MB. Physically writing the file full; Please wait ...
2021-06-26 18:33:38 0 [Note] InnoDB: File 'C:\xampp\mysql\data\ibtmp1' size is now 12 MB.
2021-06-26 18:33:38 0 [Note] InnoDB: Waiting for purge to start
2021-06-26 18:33:39 0 [Note] InnoDB: 10.4.19 started; log sequence number 136532; transaction id 340
2021-06-26 18:33:39 0 [Note] InnoDB: Loading buffer pool(s) from C:\xampp\mysql\data\ib_buffer_pool
2021-06-26 18:33:39 0 [Note] Plugin 'FEEDBACK' is disabled.
2021-06-26 18:33:39 0 [Note] InnoDB: Buffer pool(s) load completed at 210626 18:33:39
2021-06-26 18:33:39 0 [Note] Server socket created on IP: '::'.
2021-06-26 18:56:06 0 [Note] InnoDB: Mutexes and rw_locks use Windows interlocked functions
2021-06-26 18:56:06 0 [Note] InnoDB: Uses event mutexes
2021-06-26 18:56:06 0 [Note] InnoDB: Compressed tables use zlib 1.2.11
2021-06-26 18:56:06 0 [Note] InnoDB: Number of pools: 1
2021-06-26 18:56:06 0 [Note] InnoDB: Using SSE2 crc32 instructions
2021-06-26 18:56:06 0 [Note] InnoDB: Initializing buffer pool, total size = 16M, instances = 1, chunk size = 16M
2021-06-26 18:56:06 0 [Note] InnoDB: Completed initialization of buffer pool
2021-06-26 18:56:06 0 [Note] InnoDB: Starting crash recovery from checkpoint LSN=136541
2021-06-26 18:56:06 0 [Note] InnoDB: 128 out of 128 rollback segments are active.
2021-06-26 18:56:06 0 [Note] InnoDB: Removed temporary tablespace data file: "ibtmp1"
2021-06-26 18:56:06 0 [Note] InnoDB: Creating shared tablespace for temporary tables
2021-06-26 18:56:06 0 [Note] InnoDB: Setting file 'C:\xampp\mysql\data\ibtmp1' size to 12 MB. Physically writing the file full; Please wait ...
2021-06-26 18:56:06 0 [Note] InnoDB: File 'C:\xampp\mysql\data\ibtmp1' size is now 12 MB.
2021-06-26 18:56:06 0 [Note] InnoDB: Waiting for purge to start
2021-06-26 18:56:06 0 [Note] InnoDB: 10.4.19 started; log sequence number 136550; transaction id 340
2021-06-26 18:56:06 0 [Note] InnoDB: Loading buffer pool(s) from C:\xampp\mysql\data\ib_buffer_pool
2021-06-26 18:56:06 0 [Note] Plugin 'FEEDBACK' is disabled.
2021-06-26 18:56:06 0 [Note] InnoDB: Buffer pool(s) load completed at 210626 18:56:06
2021-06-26 18:56:06 0 [Note] Server socket created on IP: '::'.
2021-06-26 20:06:32 0 [Note] InnoDB: Mutexes and rw_locks use Windows interlocked functions
2021-06-26 20:06:32 0 [Note] InnoDB: Uses event mutexes
2021-06-26 20:06:32 0 [Note] InnoDB: Compressed tables use zlib 1.2.11
2021-06-26 20:06:32 0 [Note] InnoDB: Number of pools: 1
2021-06-26 20:06:32 0 [Note] InnoDB: Using SSE2 crc32 instructions
2021-06-26 20:06:32 0 [Note] InnoDB: Initializing buffer pool, total size = 16M, instances = 1, chunk size = 16M
2021-06-26 20:06:32 0 [Note] InnoDB: Completed initialization of buffer pool
2021-06-26 20:06:32 0 [Note] InnoDB: Starting crash recovery from checkpoint LSN=137063
2021-06-26 20:06:33 0 [Note] InnoDB: 128 out of 128 rollback segments are active.
2021-06-26 20:06:33 0 [Note] InnoDB: Removed temporary tablespace data file: "ibtmp1"
2021-06-26 20:06:33 0 [Note] InnoDB: Creating shared tablespace for temporary tables
2021-06-26 20:06:33 0 [Note] InnoDB: Setting file 'C:\xampp\mysql\data\ibtmp1' size to 12 MB. Physically writing the file full; Please wait ...
2021-06-26 20:06:33 0 [Note] InnoDB: File 'C:\xampp\mysql\data\ibtmp1' size is now 12 MB.
2021-06-26 20:06:33 0 [Note] InnoDB: Waiting for purge to start
2021-06-26 20:06:33 0 [Note] InnoDB: 10.4.19 started; log sequence number 137072; transaction id 343
2021-06-26 20:06:33 0 [Note] InnoDB: Loading buffer pool(s) from C:\xampp\mysql\data\ib_buffer_pool
2021-06-26 20:06:33 0 [Note] Plugin 'FEEDBACK' is disabled.
2021-06-26 20:06:33 0 [Note] InnoDB: Buffer pool(s) load completed at 210626 20:06:33
2021-06-26 20:06:33 0 [Note] Server socket created on IP: '::'.
2021-06-30 12:38:59 0 [Note] InnoDB: Mutexes and rw_locks use Windows interlocked functions
2021-06-30 12:38:59 0 [Note] InnoDB: Uses event mutexes
2021-06-30 12:38:59 0 [Note] InnoDB: Compressed tables use zlib 1.2.11
2021-06-30 12:38:59 0 [Note] InnoDB: Number of pools: 1
2021-06-30 12:38:59 0 [Note] InnoDB: Using SSE2 crc32 instructions
2021-06-30 12:38:59 0 [Note] InnoDB: Initializing buffer pool, total size = 16M, instances = 1, chunk size = 16M
2021-06-30 12:38:59 0 [Note] InnoDB: Completed initialization of buffer pool
2021-06-30 12:38:59 0 [Note] InnoDB: Starting crash recovery from checkpoint LSN=140044
2021-06-30 12:39:00 0 [Note] InnoDB: 128 out of 128 rollback segments are active.
2021-06-30 12:39:00 0 [Note] InnoDB: Removed temporary tablespace data file: "ibtmp1"
2021-06-30 12:39:00 0 [Note] InnoDB: Creating shared tablespace for temporary tables
2021-06-30 12:39:00 0 [Note] InnoDB: Setting file 'C:\xampp\mysql\data\ibtmp1' size to 12 MB. Physically writing the file full; Please wait ...
2021-06-30 12:39:00 0 [Note] InnoDB: File 'C:\xampp\mysql\data\ibtmp1' size is now 12 MB.
2021-06-30 12:39:00 0 [Note] InnoDB: Waiting for purge to start
2021-06-30 12:39:00 0 [Note] InnoDB: 10.4.19 started; log sequence number 140053; transaction id 356
2021-06-30 12:39:00 0 [Note] InnoDB: Loading buffer pool(s) from C:\xampp\mysql\data\ib_buffer_pool
2021-06-30 12:39:00 0 [Note] Plugin 'FEEDBACK' is disabled.
2021-06-30 12:39:00 0 [Note] InnoDB: Buffer pool(s) load completed at 210630 12:39:00
2021-06-30 12:39:00 0 [Note] Server socket created on IP: '::'.
2021-06-30 19:36:07 0 [Note] InnoDB: Mutexes and rw_locks use Windows interlocked functions
2021-06-30 19:36:07 0 [Note] InnoDB: Uses event mutexes
2021-06-30 19:36:07 0 [Note] InnoDB: Compressed tables use zlib 1.2.11
2021-06-30 19:36:08 0 [Note] InnoDB: Number of pools: 1
2021-06-30 19:36:08 0 [Note] InnoDB: Using SSE2 crc32 instructions
2021-06-30 19:36:08 0 [Note] InnoDB: Initializing buffer pool, total size = 16M, instances = 1, chunk size = 16M
2021-06-30 19:36:08 0 [Note] InnoDB: Completed initialization of buffer pool
2021-06-30 19:36:08 0 [Note] InnoDB: Starting crash recovery from checkpoint LSN=142171
2021-06-30 19:36:08 0 [Note] InnoDB: 128 out of 128 rollback segments are active.
2021-06-30 19:36:08 0 [Note] InnoDB: Removed temporary tablespace data file: "ibtmp1"
2021-06-30 19:36:08 0 [Note] InnoDB: Creating shared tablespace for temporary tables
2021-06-30 19:36:08 0 [Note] InnoDB: Setting file 'C:\xampp\mysql\data\ibtmp1' size to 12 MB. Physically writing the file full; Please wait ...
2021-06-30 19:36:08 0 [Note] InnoDB: File 'C:\xampp\mysql\data\ibtmp1' size is now 12 MB.
2021-06-30 19:36:08 0 [Note] InnoDB: Waiting for purge to start
2021-06-30 19:36:08 0 [Note] InnoDB: 10.4.19 started; log sequence number 142180; transaction id 365
2021-06-30 19:36:08 0 [Note] InnoDB: Loading buffer pool(s) from C:\xampp\mysql\data\ib_buffer_pool
2021-06-30 19:36:08 0 [Note] Plugin 'FEEDBACK' is disabled.
2021-06-30 19:36:08 0 [Note] InnoDB: Buffer pool(s) load completed at 210630 19:36:08
2021-06-30 19:36:09 0 [Note] Server socket created on IP: '::'.
2021-07-01 13:26:54 0 [Note] InnoDB: Mutexes and rw_locks use Windows interlocked functions
2021-07-01 13:26:54 0 [Note] InnoDB: Uses event mutexes
2021-07-01 13:26:54 0 [Note] InnoDB: Compressed tables use zlib 1.2.11
2021-07-01 13:26:54 0 [Note] InnoDB: Number of pools: 1
2021-07-01 13:26:54 0 [Note] InnoDB: Using SSE2 crc32 instructions
2021-07-01 13:26:54 0 [Note] InnoDB: Initializing buffer pool, total size = 16M, instances = 1, chunk size = 16M
2021-07-01 13:26:54 0 [Note] InnoDB: Completed initialization of buffer pool
2021-07-01 13:26:54 0 [Note] InnoDB: Starting crash recovery from checkpoint LSN=142715
2021-07-01 13:26:54 0 [Note] InnoDB: 128 out of 128 rollback segments are active.
2021-07-01 13:26:54 0 [Note] InnoDB: Removed temporary tablespace data file: "ibtmp1"
2021-07-01 13:26:54 0 [Note] InnoDB: Creating shared tablespace for temporary tables
2021-07-01 13:26:54 0 [Note] InnoDB: Setting file 'C:\xampp\mysql\data\ibtmp1' size to 12 MB. Physically writing the file full; Please wait ...
2021-07-01 13:26:54 0 [Note] InnoDB: File 'C:\xampp\mysql\data\ibtmp1' size is now 12 MB.
2021-07-01 13:26:54 0 [Note] InnoDB: Waiting for purge to start
2021-07-01 13:26:54 0 [Note] InnoDB: 10.4.19 started; log sequence number 142724; transaction id 368
2021-07-01 13:26:54 0 [Note] InnoDB: Loading buffer pool(s) from C:\xampp\mysql\data\ib_buffer_pool
2021-07-01 13:26:54 0 [Note] Plugin 'FEEDBACK' is disabled.
2021-07-01 13:26:54 0 [Note] InnoDB: Buffer pool(s) load completed at 210701 13:26:54
2021-07-01 13:26:54 0 [Note] Server socket created on IP: '::'.
2021-07-05 14:49:42 0 [Note] InnoDB: Mutexes and rw_locks use Windows interlocked functions
2021-07-05 14:49:42 0 [Note] InnoDB: Uses event mutexes
2021-07-05 14:49:42 0 [Note] InnoDB: Compressed tables use zlib 1.2.11
2021-07-05 14:49:42 0 [Note] InnoDB: Number of pools: 1
2021-07-05 14:49:42 0 [Note] InnoDB: Using SSE2 crc32 instructions
2021-07-05 14:49:42 0 [Note] InnoDB: Initializing buffer pool, total size = 16M, instances = 1, chunk size = 16M
2021-07-05 14:49:42 0 [Note] InnoDB: Completed initialization of buffer pool
2021-07-05 14:49:42 0 [Note] InnoDB: Starting crash recovery from checkpoint LSN=143247
2021-07-05 14:49:43 0 [Note] InnoDB: 128 out of 128 rollback segments are active.
2021-07-05 14:49:43 0 [Note] InnoDB: Removed temporary tablespace data file: "ibtmp1"
2021-07-05 14:49:43 0 [Note] InnoDB: Creating shared tablespace for temporary tables
2021-07-05 14:49:43 0 [Note] InnoDB: Setting file 'C:\xampp\mysql\data\ibtmp1' size to 12 MB. Physically writing the file full; Please wait ...
2021-07-05 14:49:43 0 [Note] InnoDB: File 'C:\xampp\mysql\data\ibtmp1' size is now 12 MB.
2021-07-05 14:49:43 0 [Note] InnoDB: Waiting for purge to start
2021-07-05 14:49:43 0 [Note] InnoDB: 10.4.19 started; log sequence number 143256; transaction id 371
2021-07-05 14:49:43 0 [Note] InnoDB: Loading buffer pool(s) from C:\xampp\mysql\data\ib_buffer_pool
2021-07-05 14:49:43 0 [Note] Plugin 'FEEDBACK' is disabled.
2021-07-05 14:49:43 0 [Note] InnoDB: Buffer pool(s) load completed at 210705 14:49:43
2021-07-05 14:49:44 0 [Note] Server socket created on IP: '::'.
2021-07-17 15:24:44 0 [Note] InnoDB: Mutexes and rw_locks use Windows interlocked functions
2021-07-17 15:24:44 0 [Note] InnoDB: Uses event mutexes
2021-07-17 15:24:44 0 [Note] InnoDB: Compressed tables use zlib 1.2.11
2021-07-17 15:24:44 0 [Note] InnoDB: Number of pools: 1
2021-07-17 15:24:44 0 [Note] InnoDB: Using SSE2 crc32 instructions
2021-07-17 15:24:44 0 [Note] InnoDB: Initializing buffer pool, total size = 16M, instances = 1, chunk size = 16M
2021-07-17 15:24:44 0 [Note] InnoDB: Completed initialization of buffer pool
2021-07-17 15:24:44 0 [Note] InnoDB: Starting crash recovery from checkpoint LSN=164630
2021-07-17 15:24:45 0 [Note] InnoDB: 128 out of 128 rollback segments are active.
2021-07-17 15:24:45 0 [Note] InnoDB: Removed temporary tablespace data file: "ibtmp1"
2021-07-17 15:24:45 0 [Note] InnoDB: Creating shared tablespace for temporary tables
2021-07-17 15:24:45 0 [Note] InnoDB: Setting file 'C:\xampp\mysql\data\ibtmp1' size to 12 MB. Physically writing the file full; Please wait ...
2021-07-17 15:24:45 0 [Note] InnoDB: File 'C:\xampp\mysql\data\ibtmp1' size is now 12 MB.
2021-07-17 15:24:45 0 [Note] InnoDB: Waiting for purge to start
2021-07-17 15:24:45 0 [Note] InnoDB: 10.4.19 started; log sequence number 164639; transaction id 421
2021-07-17 15:24:45 0 [Note] InnoDB: Loading buffer pool(s) from C:\xampp\mysql\data\ib_buffer_pool
2021-07-17 15:24:45 0 [Note] Plugin 'FEEDBACK' is disabled.
2021-07-17 15:24:45 0 [Note] InnoDB: Buffer pool(s) load completed at 210717 15:24:45
2021-07-17 15:24:45 0 [Note] Server socket created on IP: '::'.
2021-07-17 21:10:41 0 [Note] InnoDB: Mutexes and rw_locks use Windows interlocked functions
2021-07-17 21:10:41 0 [Note] InnoDB: Uses event mutexes
2021-07-17 21:10:41 0 [Note] InnoDB: Compressed tables use zlib 1.2.11
2021-07-17 21:10:41 0 [Note] InnoDB: Number of pools: 1
2021-07-17 21:10:41 0 [Note] InnoDB: Using SSE2 crc32 instructions
2021-07-17 21:10:41 0 [Note] InnoDB: Initializing buffer pool, total size = 16M, instances = 1, chunk size = 16M
2021-07-17 21:10:41 0 [Note] InnoDB: Completed initialization of buffer pool
2021-07-17 21:10:41 0 [Note] InnoDB: Starting crash recovery from checkpoint LSN=164648
2021-07-17 21:10:42 0 [Note] InnoDB: 128 out of 128 rollback segments are active.
2021-07-17 21:10:42 0 [Note] InnoDB: Removed temporary tablespace data file: "ibtmp1"
2021-07-17 21:10:42 0 [Note] InnoDB: Creating shared tablespace for temporary tables
2021-07-17 21:10:42 0 [Note] InnoDB: Setting file 'C:\xampp\mysql\data\ibtmp1' size to 12 MB. Physically writing the file full; Please wait ...
2021-07-17 21:10:42 0 [Note] InnoDB: File 'C:\xampp\mysql\data\ibtmp1' size is now 12 MB.
2021-07-17 21:10:42 0 [Note] InnoDB: Waiting for purge to start
2021-07-17 21:10:42 0 [Note] InnoDB: 10.4.19 started; log sequence number 164657; transaction id 421
2021-07-17 21:10:42 0 [Note] InnoDB: Loading buffer pool(s) from C:\xampp\mysql\data\ib_buffer_pool
2021-07-17 21:10:42 0 [Note] Plugin 'FEEDBACK' is disabled.
2021-07-17 21:10:42 0 [Note] InnoDB: Buffer pool(s) load completed at 210717 21:10:42
2021-07-17 21:10:42 0 [Note] Server socket created on IP: '::'.
2021-07-19 12:31:39 0 [Note] InnoDB: Mutexes and rw_locks use Windows interlocked functions
2021-07-19 12:31:39 0 [Note] InnoDB: Uses event mutexes
2021-07-19 12:31:39 0 [Note] InnoDB: Compressed tables use zlib 1.2.11
2021-07-19 12:31:39 0 [Note] InnoDB: Number of pools: 1
2021-07-19 12:31:39 0 [Note] InnoDB: Using SSE2 crc32 instructions
2021-07-19 12:31:39 0 [Note] InnoDB: Initializing buffer pool, total size = 16M, instances = 1, chunk size = 16M
2021-07-19 12:31:39 0 [Note] InnoDB: Completed initialization of buffer pool
2021-07-19 12:31:39 0 [Note] InnoDB: Starting crash recovery from checkpoint LSN=169840
2021-07-19 12:31:40 0 [Note] InnoDB: 128 out of 128 rollback segments are active.
2021-07-19 12:31:40 0 [Note] InnoDB: Removed temporary tablespace data file: "ibtmp1"
2021-07-19 12:31:40 0 [Note] InnoDB: Creating shared tablespace for temporary tables
2021-07-19 12:31:40 0 [Note] InnoDB: Setting file 'C:\xampp\mysql\data\ibtmp1' size to 12 MB. Physically writing the file full; Please wait ...
2021-07-19 12:31:40 0 [Note] InnoDB: File 'C:\xampp\mysql\data\ibtmp1' size is now 12 MB.
2021-07-19 12:31:40 0 [Note] InnoDB: Waiting for purge to start
2021-07-19 12:31:40 0 [Note] InnoDB: 10.4.19 started; log sequence number 169849; transaction id 435
2021-07-19 12:31:40 0 [Note] InnoDB: Loading buffer pool(s) from C:\xampp\mysql\data\ib_buffer_pool
2021-07-19 12:31:40 0 [Note] Plugin 'FEEDBACK' is disabled.
2021-07-19 12:31:40 0 [Note] InnoDB: Buffer pool(s) load completed at 210719 12:31:40
2021-07-19 12:31:40 0 [Note] Server socket created on IP: '::'.
2021-07-19 15:45:14 0 [Note] InnoDB: Mutexes and rw_locks use Windows interlocked functions
2021-07-19 15:45:14 0 [Note] InnoDB: Uses event mutexes
2021-07-19 15:45:14 0 [Note] InnoDB: Compressed tables use zlib 1.2.11
2021-07-19 15:45:14 0 [Note] InnoDB: Number of pools: 1
2021-07-19 15:45:14 0 [Note] InnoDB: Using SSE2 crc32 instructions
2021-07-19 15:45:14 0 [Note] InnoDB: Initializing buffer pool, total size = 16M, instances = 1, chunk size = 16M
2021-07-19 15:45:14 0 [Note] InnoDB: Completed initialization of buffer pool
2021-07-19 15:45:14 0 [Note] InnoDB: Starting crash recovery from checkpoint LSN=169858
2021-07-19 15:45:16 0 [Note] InnoDB: 128 out of 128 rollback segments are active.
2021-07-19 15:45:16 0 [Note] InnoDB: Removed temporary tablespace data file: "ibtmp1"
2021-07-19 15:45:16 0 [Note] InnoDB: Creating shared tablespace for temporary tables
2021-07-19 15:45:16 0 [Note] InnoDB: Setting file 'C:\xampp\mysql\data\ibtmp1' size to 12 MB. Physically writing the file full; Please wait ...
2021-07-19 15:45:16 0 [Note] InnoDB: File 'C:\xampp\mysql\data\ibtmp1' size is now 12 MB.
2021-07-19 15:45:16 0 [Note] InnoDB: Waiting for purge to start
2021-07-19 15:45:16 0 [Note] InnoDB: Waiting for purge to start
2021-07-19 15:45:16 0 [Note] InnoDB: Waiting for purge to start
2021-07-19 15:45:16 0 [Note] InnoDB: 10.4.19 started; log sequence number 169867; transaction id 435
2021-07-19 15:45:17 0 [Note] InnoDB: Loading buffer pool(s) from C:\xampp\mysql\data\ib_buffer_pool
2021-07-19 15:45:17 0 [Note] InnoDB: Buffer pool(s) load completed at 210719 15:45:17
2021-07-19 15:45:17 0 [Note] Plugin 'FEEDBACK' is disabled.
2021-07-19 15:45:18 0 [Note] Server socket created on IP: '::'.
2021-07-19 15:45:26 6 [Warning] Failed to load slave replication state from table mysql.gtid_slave_pos: 1932: Table 'mysql.gtid_slave_pos' doesn't exist in engine
2021-07-19 15:45:26 0 [Note] Reading of all Master_info entries succeeded
2021-07-19 15:45:27 0 [Note] Added new Master_info '' to hash table
2021-07-19 15:45:27 0 [Note] c:\xampp\mysql\bin\mysqld.exe: ready for connections.
Version: '10.4.19-MariaDB'  socket: ''  port: 3308  mariadb.org binary distribution
2021-07-19 15:45:45 8 [ERROR] InnoDB: Table `mysql`.`innodb_table_stats` not found.
2021-07-20  0:20:50 0 [Note] InnoDB: Mutexes and rw_locks use Windows interlocked functions
2021-07-20  0:20:50 0 [Note] InnoDB: Uses event mutexes
2021-07-20  0:20:50 0 [Note] InnoDB: Compressed tables use zlib 1.2.11
2021-07-20  0:20:50 0 [Note] InnoDB: Number of pools: 1
2021-07-20  0:20:50 0 [Note] InnoDB: Using SSE2 crc32 instructions
2021-07-20  0:20:50 0 [Note] InnoDB: Initializing buffer pool, total size = 16M, instances = 1, chunk size = 16M
2021-07-20  0:20:50 0 [Note] InnoDB: Completed initialization of buffer pool
2021-07-20  0:20:51 0 [Note] InnoDB: Starting crash recovery from checkpoint LSN=237190
2021-07-20  0:20:59 0 [Note] InnoDB: 128 out of 128 rollback segments are active.
2021-07-20  0:20:59 0 [Note] InnoDB: Removed temporary tablespace data file: "ibtmp1"
2021-07-20  0:20:59 0 [Note] InnoDB: Creating shared tablespace for temporary tables
2021-07-20  0:20:59 0 [Note] InnoDB: Setting file 'C:\xampp\mysql\data\ibtmp1' size to 12 MB. Physically writing the file full; Please wait ...
2021-07-20  0:20:59 0 [Note] InnoDB: File 'C:\xampp\mysql\data\ibtmp1' size is now 12 MB.
2021-07-20  0:20:59 0 [Note] InnoDB: Waiting for purge to start
2021-07-20  0:20:59 0 [Note] InnoDB: 10.4.19 started; log sequence number 237199; transaction id 550
2021-07-20  0:20:59 0 [Note] InnoDB: Loading buffer pool(s) from C:\xampp\mysql\data\ib_buffer_pool
2021-07-20  0:20:59 0 [Note] Plugin 'FEEDBACK' is disabled.
2021-07-20  0:21:00 0 [Note] InnoDB: Buffer pool(s) load completed at 210720  0:21:00
2021-07-20  0:21:00 0 [Note] Server socket created on IP: '::'.
2021-07-20 10:42:56 0 [Note] InnoDB: Mutexes and rw_locks use Windows interlocked functions
2021-07-20 10:42:56 0 [Note] InnoDB: Uses event mutexes
2021-07-20 10:42:56 0 [Note] InnoDB: Compressed tables use zlib 1.2.11
2021-07-20 10:42:56 0 [Note] InnoDB: Number of pools: 1
2021-07-20 10:42:56 0 [Note] InnoDB: Using SSE2 crc32 instructions
2021-07-20 10:42:56 0 [Note] InnoDB: Initializing buffer pool, total size = 16M, instances = 1, chunk size = 16M
2021-07-20 10:42:56 0 [Note] InnoDB: Completed initialization of buffer pool
2021-07-20 10:42:56 0 [Note] InnoDB: Starting crash recovery from checkpoint LSN=237208
2021-07-20 10:42:57 0 [Note] InnoDB: 128 out of 128 rollback segments are active.
2021-07-20 10:42:57 0 [Note] InnoDB: Removed temporary tablespace data file: "ibtmp1"
2021-07-20 10:42:57 0 [Note] InnoDB: Creating shared tablespace for temporary tables
2021-07-20 10:42:57 0 [Note] InnoDB: Setting file 'C:\xampp\mysql\data\ibtmp1' size to 12 MB. Physically writing the file full; Please wait ...
2021-07-20 10:42:57 0 [Note] InnoDB: File 'C:\xampp\mysql\data\ibtmp1' size is now 12 MB.
2021-07-20 10:42:57 0 [Note] InnoDB: Waiting for purge to start
2021-07-20 10:42:57 0 [Note] InnoDB: 10.4.19 started; log sequence number 237217; transaction id 550
2021-07-20 10:42:57 0 [Note] InnoDB: Loading buffer pool(s) from C:\xampp\mysql\data\ib_buffer_pool
2021-07-20 10:42:57 0 [Note] InnoDB: Buffer pool(s) load completed at 210720 10:42:57
2021-07-20 10:42:57 0 [Note] Plugin 'FEEDBACK' is disabled.
2021-07-20 10:42:57 0 [Note] Server socket created on IP: '::'.
2021-07-20 17:36:34 0 [Note] InnoDB: Mutexes and rw_locks use Windows interlocked functions
2021-07-20 17:36:34 0 [Note] InnoDB: Uses event mutexes
2021-07-20 17:36:34 0 [Note] InnoDB: Compressed tables use zlib 1.2.11
2021-07-20 17:36:34 0 [Note] InnoDB: Number of pools: 1
2021-07-20 17:36:34 0 [Note] InnoDB: Using SSE2 crc32 instructions
2021-07-20 17:36:34 0 [Note] InnoDB: Initializing buffer pool, total size = 16M, instances = 1, chunk size = 16M
2021-07-20 17:36:34 0 [Note] InnoDB: Completed initialization of buffer pool
2021-07-20 17:36:34 0 [Note] InnoDB: Starting crash recovery from checkpoint LSN=252102
2021-07-20 17:36:34 0 [Note] InnoDB: 128 out of 128 rollback segments are active.
2021-07-20 17:36:34 0 [Note] InnoDB: Removed temporary tablespace data file: "ibtmp1"
2021-07-20 17:36:34 0 [Note] InnoDB: Creating shared tablespace for temporary tables
2021-07-20 17:36:34 0 [Note] InnoDB: Setting file 'C:\xampp\mysql\data\ibtmp1' size to 12 MB. Physically writing the file full; Please wait ...
2021-07-20 17:36:34 0 [Note] InnoDB: File 'C:\xampp\mysql\data\ibtmp1' size is now 12 MB.
2021-07-20 17:36:34 0 [Note] InnoDB: Waiting for purge to start
2021-07-20 17:36:34 0 [Note] InnoDB: 10.4.19 started; log sequence number 252111; transaction id 605
2021-07-20 17:36:34 0 [Note] InnoDB: Loading buffer pool(s) from C:\xampp\mysql\data\ib_buffer_pool
2021-07-20 17:36:34 0 [Note] Plugin 'FEEDBACK' is disabled.
2021-07-20 17:36:34 0 [Note] InnoDB: Buffer pool(s) load completed at 210720 17:36:34
2021-07-20 17:36:35 0 [Note] Server socket created on IP: '::'.
2021-07-20 17:36:52 0 [Note] InnoDB: Mutexes and rw_locks use Windows interlocked functions
2021-07-20 17:36:52 0 [Note] InnoDB: Uses event mutexes
2021-07-20 17:36:52 0 [Note] InnoDB: Compressed tables use zlib 1.2.11
2021-07-20 17:36:52 0 [Note] InnoDB: Number of pools: 1
2021-07-20 17:36:52 0 [Note] InnoDB: Using SSE2 crc32 instructions
2021-07-20 17:36:52 0 [Note] InnoDB: Initializing buffer pool, total size = 16M, instances = 1, chunk size = 16M
2021-07-20 17:36:52 0 [Note] InnoDB: Completed initialization of buffer pool
2021-07-20 17:36:52 0 [Note] InnoDB: Starting crash recovery from checkpoint LSN=252120
2021-07-20 17:36:52 0 [Note] InnoDB: 128 out of 128 rollback segments are active.
2021-07-20 17:36:52 0 [Note] InnoDB: Removed temporary tablespace data file: "ibtmp1"
2021-07-20 17:36:52 0 [Note] InnoDB: Creating shared tablespace for temporary tables
2021-07-20 17:36:52 0 [Note] InnoDB: Setting file 'C:\xampp\mysql\data\ibtmp1' size to 12 MB. Physically writing the file full; Please wait ...
2021-07-20 17:36:52 0 [Note] InnoDB: File 'C:\xampp\mysql\data\ibtmp1' size is now 12 MB.
2021-07-20 17:36:52 0 [Note] InnoDB: Waiting for purge to start
2021-07-20 17:36:52 0 [Note] InnoDB: 10.4.19 started; log sequence number 252129; transaction id 605
2021-07-20 17:36:52 0 [Note] InnoDB: Loading buffer pool(s) from C:\xampp\mysql\data\ib_buffer_pool
2021-07-20 17:36:52 0 [Note] Plugin 'FEEDBACK' is disabled.
2021-07-20 17:36:52 0 [Note] InnoDB: Buffer pool(s) load completed at 210720 17:36:52
2021-07-20 17:36:52 0 [Note] Server socket created on IP: '::'.
2021-07-21  9:39:30 0 [Note] InnoDB: Mutexes and rw_locks use Windows interlocked functions
2021-07-21  9:39:31 0 [Note] InnoDB: Uses event mutexes
2021-07-21  9:39:31 0 [Note] InnoDB: Compressed tables use zlib 1.2.11
2021-07-21  9:39:31 0 [Note] InnoDB: Number of pools: 1
2021-07-21  9:39:31 0 [Note] InnoDB: Using SSE2 crc32 instructions
2021-07-21  9:39:31 0 [Note] InnoDB: Initializing buffer pool, total size = 16M, instances = 1, chunk size = 16M
2021-07-21  9:39:31 0 [Note] InnoDB: Completed initialization of buffer pool
2021-07-21  9:39:31 0 [Note] InnoDB: Starting crash recovery from checkpoint LSN=252191
2021-07-21  9:39:32 0 [Note] InnoDB: 128 out of 128 rollback segments are active.
2021-07-21  9:39:32 0 [Note] InnoDB: Removed temporary tablespace data file: "ibtmp1"
2021-07-21  9:39:32 0 [Note] InnoDB: Creating shared tablespace for temporary tables
2021-07-21  9:39:32 0 [Note] InnoDB: Setting file 'C:\xampp\mysql\data\ibtmp1' size to 12 MB. Physically writing the file full; Please wait ...
2021-07-21  9:39:32 0 [Note] InnoDB: File 'C:\xampp\mysql\data\ibtmp1' size is now 12 MB.
2021-07-21  9:39:32 0 [Note] InnoDB: 10.4.19 started; log sequence number 252200; transaction id 605
2021-07-21  9:39:32 0 [Note] Plugin 'FEEDBACK' is disabled.
2021-07-21  9:39:32 0 [Note] InnoDB: Loading buffer pool(s) from C:\xampp\mysql\data\ib_buffer_pool
2021-07-21  9:39:32 0 [Note] InnoDB: Buffer pool(s) load completed at 210721  9:39:32
2021-07-21  9:39:33 0 [Note] Server socket created on IP: '::'.
2021-07-22 16:37:37 0 [Note] InnoDB: Mutexes and rw_locks use Windows interlocked functions
2021-07-22 16:37:37 0 [Note] InnoDB: Uses event mutexes
2021-07-22 16:37:37 0 [Note] InnoDB: Compressed tables use zlib 1.2.11
2021-07-22 16:37:37 0 [Note] InnoDB: Number of pools: 1
2021-07-22 16:37:37 0 [Note] InnoDB: Using SSE2 crc32 instructions
2021-07-22 16:37:37 0 [Note] InnoDB: Initializing buffer pool, total size = 16M, instances = 1, chunk size = 16M
2021-07-22 16:37:37 0 [Note] InnoDB: Completed initialization of buffer pool
2021-07-22 16:37:37 0 [Note] InnoDB: Starting crash recovery from checkpoint LSN=252209
2021-07-22 16:37:38 0 [Note] InnoDB: 128 out of 128 rollback segments are active.
2021-07-22 16:37:38 0 [Note] InnoDB: Removed temporary tablespace data file: "ibtmp1"
2021-07-22 16:37:38 0 [Note] InnoDB: Creating shared tablespace for temporary tables
2021-07-22 16:37:38 0 [Note] InnoDB: Setting file 'C:\xampp\mysql\data\ibtmp1' size to 12 MB. Physically writing the file full; Please wait ...
2021-07-22 16:37:38 0 [Note] InnoDB: File 'C:\xampp\mysql\data\ibtmp1' size is now 12 MB.
2021-07-22 16:37:38 0 [Note] InnoDB: Waiting for purge to start
2021-07-22 16:37:38 0 [Note] InnoDB: 10.4.19 started; log sequence number 252218; transaction id 605
2021-07-22 16:37:38 0 [Note] Plugin 'FEEDBACK' is disabled.
2021-07-22 16:37:38 0 [Note] InnoDB: Loading buffer pool(s) from C:\xampp\mysql\data\ib_buffer_pool
2021-07-22 16:37:38 0 [Note] InnoDB: Buffer pool(s) load completed at 210722 16:37:38
2021-07-22 16:37:38 0 [Note] Server socket created on IP: '::'.
2021-07-22 17:02:39 0 [Note] InnoDB: Mutexes and rw_locks use Windows interlocked functions
2021-07-22 17:02:39 0 [Note] InnoDB: Uses event mutexes
2021-07-22 17:02:39 0 [Note] InnoDB: Compressed tables use zlib 1.2.11
2021-07-22 17:02:39 0 [Note] InnoDB: Number of pools: 1
2021-07-22 17:02:39 0 [Note] InnoDB: Using SSE2 crc32 instructions
2021-07-22 17:02:39 0 [Note] InnoDB: Initializing buffer pool, total size = 16M, instances = 1, chunk size = 16M
2021-07-22 17:02:39 0 [Note] InnoDB: Completed initialization of buffer pool
2021-07-22 17:02:39 0 [Note] InnoDB: Starting crash recovery from checkpoint LSN=252227
2021-07-22 17:02:40 0 [Note] InnoDB: 128 out of 128 rollback segments are active.
2021-07-22 17:02:40 0 [Note] InnoDB: Removed temporary tablespace data file: "ibtmp1"
2021-07-22 17:02:40 0 [Note] InnoDB: Creating shared tablespace for temporary tables
2021-07-22 17:02:40 0 [Note] InnoDB: Setting file 'C:\xampp\mysql\data\ibtmp1' size to 12 MB. Physically writing the file full; Please wait ...
2021-07-22 17:02:40 0 [Note] InnoDB: File 'C:\xampp\mysql\data\ibtmp1' size is now 12 MB.
2021-07-22 17:02:40 0 [Note] InnoDB: Waiting for purge to start
2021-07-22 17:02:40 0 [Note] InnoDB: 10.4.19 started; log sequence number 252236; transaction id 605
2021-07-22 17:02:40 0 [Note] InnoDB: Loading buffer pool(s) from C:\xampp\mysql\data\ib_buffer_pool
2021-07-22 17:02:40 0 [Note] Plugin 'FEEDBACK' is disabled.
2021-07-22 17:02:40 0 [Note] InnoDB: Buffer pool(s) load completed at 210722 17:02:40
2021-07-22 17:02:40 0 [Note] Server socket created on IP: '::'.
2021-07-22 22:09:47 0 [Note] InnoDB: Mutexes and rw_locks use Windows interlocked functions
2021-07-22 22:09:47 0 [Note] InnoDB: Uses event mutexes
2021-07-22 22:09:47 0 [Note] InnoDB: Compressed tables use zlib 1.2.11
2021-07-22 22:09:47 0 [Note] InnoDB: Number of pools: 1
2021-07-22 22:09:47 0 [Note] InnoDB: Using SSE2 crc32 instructions
2021-07-22 22:09:47 0 [Note] InnoDB: Initializing buffer pool, total size = 16M, instances = 1, chunk size = 16M
2021-07-22 22:09:47 0 [Note] InnoDB: Completed initialization of buffer pool
2021-07-22 22:09:47 0 [Note] InnoDB: Starting crash recovery from checkpoint LSN=252245
2021-07-22 22:09:47 0 [Note] InnoDB: 128 out of 128 rollback segments are active.
2021-07-22 22:09:47 0 [Note] InnoDB: Removed temporary tablespace data file: "ibtmp1"
2021-07-22 22:09:47 0 [Note] InnoDB: Creating shared tablespace for temporary tables
2021-07-22 22:09:47 0 [Note] InnoDB: Setting file 'C:\xampp\mysql\data\ibtmp1' size to 12 MB. Physically writing the file full; Please wait ...
2021-07-22 22:09:47 0 [Note] InnoDB: File 'C:\xampp\mysql\data\ibtmp1' size is now 12 MB.
2021-07-22 22:09:47 0 [Note] InnoDB: Waiting for purge to start
2021-07-22 22:09:47 0 [Note] InnoDB: 10.4.19 started; log sequence number 252254; transaction id 605
2021-07-22 22:09:47 0 [Note] InnoDB: Loading buffer pool(s) from C:\xampp\mysql\data\ib_buffer_pool
2021-07-22 22:09:47 0 [Note] Plugin 'FEEDBACK' is disabled.
2021-07-22 22:09:47 0 [Note] InnoDB: Buffer pool(s) load completed at 210722 22:09:47
2021-07-22 22:09:47 0 [Note] Server socket created on IP: '::'.
2021-07-23 11:13:14 0 [Note] InnoDB: Mutexes and rw_locks use Windows interlocked functions
2021-07-23 11:13:14 0 [Note] InnoDB: Uses event mutexes
2021-07-23 11:13:14 0 [Note] InnoDB: Compressed tables use zlib 1.2.11
2021-07-23 11:13:14 0 [Note] InnoDB: Number of pools: 1
2021-07-23 11:13:14 0 [Note] InnoDB: Using SSE2 crc32 instructions
2021-07-23 11:13:14 0 [Note] InnoDB: Initializing buffer pool, total size = 16M, instances = 1, chunk size = 16M
2021-07-23 11:13:14 0 [Note] InnoDB: Completed initialization of buffer pool
2021-07-23 11:13:14 0 [Note] InnoDB: Starting crash recovery from checkpoint LSN=253991
2021-07-23 11:13:14 0 [Note] InnoDB: 128 out of 128 rollback segments are active.
2021-07-23 11:13:14 0 [Note] InnoDB: Removed temporary tablespace data file: "ibtmp1"
2021-07-23 11:13:14 0 [Note] InnoDB: Creating shared tablespace for temporary tables
2021-07-23 11:13:14 0 [Note] InnoDB: Setting file 'C:\xampp\mysql\data\ibtmp1' size to 12 MB. Physically writing the file full; Please wait ...
2021-07-23 11:13:14 0 [Note] InnoDB: File 'C:\xampp\mysql\data\ibtmp1' size is now 12 MB.
2021-07-23 11:13:14 0 [Note] InnoDB: Waiting for purge to start
2021-07-23 11:13:14 0 [Note] InnoDB: 10.4.19 started; log sequence number 254000; transaction id 608
2021-07-23 11:13:14 0 [Note] InnoDB: Loading buffer pool(s) from C:\xampp\mysql\data\ib_buffer_pool
2021-07-23 11:13:14 0 [Note] Plugin 'FEEDBACK' is disabled.
2021-07-23 11:13:14 0 [Note] InnoDB: Buffer pool(s) load completed at 210723 11:13:14
2021-07-23 11:13:14 0 [Note] Server socket created on IP: '::'.
2021-07-23 18:42:29 0 [Note] InnoDB: Mutexes and rw_locks use Windows interlocked functions
2021-07-23 18:42:29 0 [Note] InnoDB: Uses event mutexes
2021-07-23 18:42:29 0 [Note] InnoDB: Compressed tables use zlib 1.2.11
2021-07-23 18:42:29 0 [Note] InnoDB: Number of pools: 1
2021-07-23 18:42:29 0 [Note] InnoDB: Using SSE2 crc32 instructions
2021-07-23 18:42:29 0 [Note] InnoDB: Initializing buffer pool, total size = 16M, instances = 1, chunk size = 16M
2021-07-23 18:42:30 0 [Note] InnoDB: Completed initialization of buffer pool
2021-07-23 18:42:30 0 [Note] InnoDB: Starting crash recovery from checkpoint LSN=254009
2021-07-23 18:42:30 0 [Note] InnoDB: 128 out of 128 rollback segments are active.
2021-07-23 18:42:30 0 [Note] InnoDB: Removed temporary tablespace data file: "ibtmp1"
2021-07-23 18:42:30 0 [Note] InnoDB: Creating shared tablespace for temporary tables
2021-07-23 18:42:30 0 [Note] InnoDB: Setting file 'C:\xampp\mysql\data\ibtmp1' size to 12 MB. Physically writing the file full; Please wait ...
2021-07-23 18:42:30 0 [Note] InnoDB: File 'C:\xampp\mysql\data\ibtmp1' size is now 12 MB.
2021-07-23 18:42:30 0 [Note] InnoDB: Waiting for purge to start
2021-07-23 18:42:30 0 [Note] InnoDB: 10.4.19 started; log sequence number 254018; transaction id 608
2021-07-23 18:42:30 0 [Note] InnoDB: Loading buffer pool(s) from C:\xampp\mysql\data\ib_buffer_pool
2021-07-23 18:42:30 0 [Note] Plugin 'FEEDBACK' is disabled.
2021-07-23 18:42:30 0 [Note] InnoDB: Buffer pool(s) load completed at 210723 18:42:30
2021-07-23 18:42:31 0 [Note] Server socket created on IP: '::'.
2021-07-24 19:04:34 0 [Note] InnoDB: Mutexes and rw_locks use Windows interlocked functions
2021-07-24 19:04:34 0 [Note] InnoDB: Uses event mutexes
2021-07-24 19:04:34 0 [Note] InnoDB: Compressed tables use zlib 1.2.11
2021-07-24 19:04:34 0 [Note] InnoDB: Number of pools: 1
2021-07-24 19:04:35 0 [Note] InnoDB: Using SSE2 crc32 instructions
2021-07-24 19:04:35 0 [Note] InnoDB: Initializing buffer pool, total size = 16M, instances = 1, chunk size = 16M
2021-07-24 19:04:35 0 [Note] InnoDB: Completed initialization of buffer pool
2021-07-24 19:04:36 0 [Note] InnoDB: Starting crash recovery from checkpoint LSN=258537
2021-07-24 19:04:41 0 [Note] InnoDB: 128 out of 128 rollback segments are active.
2021-07-24 19:04:41 0 [Note] InnoDB: Removed temporary tablespace data file: "ibtmp1"
2021-07-24 19:04:41 0 [Note] InnoDB: Creating shared tablespace for temporary tables
2021-07-24 19:04:41 0 [Note] InnoDB: Setting file 'C:\xampp\mysql\data\ibtmp1' size to 12 MB. Physically writing the file full; Please wait ...
2021-07-24 19:04:41 0 [Note] InnoDB: File 'C:\xampp\mysql\data\ibtmp1' size is now 12 MB.
2021-07-24 19:04:41 0 [Note] InnoDB: Waiting for purge to start
2021-07-24 19:04:41 0 [Note] InnoDB: Waiting for purge to start
2021-07-24 19:04:41 0 [Note] InnoDB: 10.4.19 started; log sequence number 258546; transaction id 637
2021-07-24 19:04:41 0 [Note] InnoDB: Loading buffer pool(s) from C:\xampp\mysql\data\ib_buffer_pool
2021-07-24 19:04:41 0 [Note] Plugin 'FEEDBACK' is disabled.
2021-07-24 19:04:41 0 [Note] InnoDB: Buffer pool(s) load completed at 210724 19:04:41
2021-07-24 19:04:42 0 [Note] Server socket created on IP: '::'.
2021-08-18 11:23:22 0 [Note] InnoDB: Mutexes and rw_locks use Windows interlocked functions
2021-08-18 11:23:22 0 [Note] InnoDB: Uses event mutexes
2021-08-18 11:23:22 0 [Note] InnoDB: Compressed tables use zlib 1.2.11
2021-08-18 11:23:22 0 [Note] InnoDB: Number of pools: 1
2021-08-18 11:23:22 0 [Note] InnoDB: Using SSE2 crc32 instructions
2021-08-18 11:23:22 0 [Note] InnoDB: Initializing buffer pool, total size = 16M, instances = 1, chunk size = 16M
2021-08-18 11:23:22 0 [Note] InnoDB: Completed initialization of buffer pool
2021-08-18 11:23:22 0 [Note] InnoDB: Starting crash recovery from checkpoint LSN=258580
2021-08-18 11:23:22 0 [Note] InnoDB: 128 out of 128 rollback segments are active.
2021-08-18 11:23:22 0 [Note] InnoDB: Removed temporary tablespace data file: "ibtmp1"
2021-08-18 11:23:22 0 [Note] InnoDB: Creating shared tablespace for temporary tables
2021-08-18 11:23:22 0 [Note] InnoDB: Setting file 'C:\xampp\mysql\data\ibtmp1' size to 12 MB. Physically writing the file full; Please wait ...
2021-08-18 11:23:22 0 [Note] InnoDB: File 'C:\xampp\mysql\data\ibtmp1' size is now 12 MB.
2021-08-18 11:23:22 0 [Note] InnoDB: Waiting for purge to start
2021-08-18 11:23:22 0 [Note] InnoDB: 10.4.19 started; log sequence number 258589; transaction id 637
2021-08-18 11:23:22 0 [Note] Plugin 'FEEDBACK' is disabled.
2021-08-18 11:23:23 0 [Note] InnoDB: Loading buffer pool(s) from C:\xampp\mysql\data\ib_buffer_pool
2021-08-18 11:23:23 0 [Note] InnoDB: Buffer pool(s) load completed at 210818 11:23:23
2021-08-18 11:23:23 0 [Note] Server socket created on IP: '::'.
2021-09-11 23:30:57 0 [Note] InnoDB: Mutexes and rw_locks use Windows interlocked functions
2021-09-11 23:30:57 0 [Note] InnoDB: Uses event mutexes
2021-09-11 23:30:57 0 [Note] InnoDB: Compressed tables use zlib 1.2.11
2021-09-11 23:30:57 0 [Note] InnoDB: Number of pools: 1
2021-09-11 23:30:57 0 [Note] InnoDB: Using SSE2 crc32 instructions
2021-09-11 23:30:57 0 [Note] InnoDB: Initializing buffer pool, total size = 16M, instances = 1, chunk size = 16M
2021-09-11 23:30:57 0 [Note] InnoDB: Completed initialization of buffer pool
2021-09-11 23:30:58 0 [Note] InnoDB: Starting crash recovery from checkpoint LSN=259427
2021-09-11 23:30:59 0 [Note] InnoDB: 128 out of 128 rollback segments are active.
2021-09-11 23:30:59 0 [Note] InnoDB: Removed temporary tablespace data file: "ibtmp1"
2021-09-11 23:30:59 0 [Note] InnoDB: Creating shared tablespace for temporary tables
2021-09-11 23:30:59 0 [Note] InnoDB: Setting file 'C:\xampp\mysql\data\ibtmp1' size to 12 MB. Physically writing the file full; Please wait ...
2021-09-11 23:30:59 0 [Note] InnoDB: File 'C:\xampp\mysql\data\ibtmp1' size is now 12 MB.
2021-09-11 23:30:59 0 [Note] InnoDB: Waiting for purge to start
2021-09-11 23:30:59 0 [Note] InnoDB: 10.4.19 started; log sequence number 259436; transaction id 644
2021-09-11 23:30:59 0 [Note] Plugin 'FEEDBACK' is disabled.
2021-09-11 23:30:59 0 [Note] InnoDB: Loading buffer pool(s) from C:\xampp\mysql\data\ib_buffer_pool
2021-09-11 23:30:59 0 [Note] InnoDB: Buffer pool(s) load completed at 210911 23:30:59
2021-09-11 23:30:59 0 [Note] Server socket created on IP: '::'.
