15:02:16  [main] 	Initializing Control Panel
15:02:16  [main] 	Windows Version:  Enterprise  64-bit
15:02:16  [main] 	XAMPP Version: 8.0.7
15:02:16  [main] 	Control Panel Version: 3.3.0  [ Compiled: Apr 6th 2021 ]
15:02:16  [main] 	You are not running with administrator rights! This will work for
15:02:16  [main] 	most application stuff but whenever you do something with services
15:02:16  [main] 	there will be a security dialogue or things will break! So think 
15:02:16  [main] 	about running this application with administrator rights!
15:02:16  [main] 	XAMPP Installation Directory: "c:\xampp\"
15:02:16  [main] 	Checking for prerequisites
15:02:16  [main] 	All prerequisites found
15:02:16  [main] 	Initializing Modules
15:02:16  [mysql] 	Problem detected!
15:02:16  [mysql] 	Port 3306 in use by "Unable to open process"!
15:02:16  [mysql] 	MySQL WILL NOT start without the configured ports free!
15:02:16  [mysql] 	You need to uninstall/disable/reconfigure the blocking application
15:02:16  [mysql] 	or reconfigure MySQL and the Control Panel to listen on a different port
15:02:16  [Tomcat] 	Problem detected!
15:02:16  [Tomcat] 	Port 8080 in use by "C:\xampp\apache\bin\httpd.exe"!
15:02:16  [Tomcat] 	Tomcat WILL NOT start without the configured ports free!
15:02:16  [Tomcat] 	You need to uninstall/disable/reconfigure the blocking application
15:02:16  [Tomcat] 	or reconfigure Tomcat and the Control Panel to listen on a different port
15:02:16  [main] 	Starting Check-Timer
15:02:16  [main] 	Control Panel Ready
15:02:19  [mysql] 	Problem detected!
15:02:19  [mysql] 	Port 3306 in use by "Unable to open process"!
15:02:19  [mysql] 	MySQL WILL NOT start without the configured ports free!
15:02:19  [mysql] 	You need to uninstall/disable/reconfigure the blocking application
15:02:19  [mysql] 	or reconfigure MySQL and the Control Panel to listen on a different port
15:02:19  [mysql] 	Attempting to start MySQL app...
15:02:19  [mysql] 	Status change detected: running
15:02:21  [mysql] 	Status change detected: stopped
15:02:21  [mysql] 	Error: MySQL shutdown unexpectedly.
15:02:21  [mysql] 	This may be due to a blocked port, missing dependencies, 
15:02:21  [mysql] 	improper privileges, a crash, or a shutdown by another method.
15:02:21  [mysql] 	Press the Logs button to view error logs and check
15:02:21  [mysql] 	the Windows Event Viewer for more clues
15:02:21  [mysql] 	If you need more help, copy and post this
15:02:21  [mysql] 	entire log window on the forums
15:02:23  [mysql] 	Problem detected!
15:02:23  [mysql] 	Port 3306 in use by "Unable to open process"!
15:02:23  [mysql] 	MySQL WILL NOT start without the configured ports free!
15:02:23  [mysql] 	You need to uninstall/disable/reconfigure the blocking application
15:02:23  [mysql] 	or reconfigure MySQL and the Control Panel to listen on a different port
15:02:23  [mysql] 	Attempting to start MySQL app...
15:02:23  [mysql] 	Status change detected: running
15:02:25  [mysql] 	Status change detected: stopped
15:02:25  [mysql] 	Error: MySQL shutdown unexpectedly.
15:02:25  [mysql] 	This may be due to a blocked port, missing dependencies, 
15:02:25  [mysql] 	improper privileges, a crash, or a shutdown by another method.
15:02:25  [mysql] 	Press the Logs button to view error logs and check
15:02:25  [mysql] 	the Windows Event Viewer for more clues
15:02:25  [mysql] 	If you need more help, copy and post this
15:02:25  [mysql] 	entire log window on the forums
15:02:27  [mysql] 	Problem detected!
15:02:27  [mysql] 	Port 3306 in use by "Unable to open process"!
15:02:27  [mysql] 	MySQL WILL NOT start without the configured ports free!
15:02:27  [mysql] 	You need to uninstall/disable/reconfigure the blocking application
15:02:27  [mysql] 	or reconfigure MySQL and the Control Panel to listen on a different port
15:02:27  [mysql] 	Attempting to start MySQL app...
15:02:27  [mysql] 	Status change detected: running
15:02:29  [mysql] 	Status change detected: stopped
15:02:29  [mysql] 	Error: MySQL shutdown unexpectedly.
15:02:29  [mysql] 	This may be due to a blocked port, missing dependencies, 
15:02:29  [mysql] 	improper privileges, a crash, or a shutdown by another method.
15:02:29  [mysql] 	Press the Logs button to view error logs and check
15:02:29  [mysql] 	the Windows Event Viewer for more clues
15:02:29  [mysql] 	If you need more help, copy and post this
15:02:29  [mysql] 	entire log window on the forums
15:05:46  [mysql] 	Problem detected!
15:05:46  [mysql] 	Port 3306 in use by "Unable to open process"!
15:05:46  [mysql] 	MySQL WILL NOT start without the configured ports free!
15:05:46  [mysql] 	You need to uninstall/disable/reconfigure the blocking application
15:05:46  [mysql] 	or reconfigure MySQL and the Control Panel to listen on a different port
15:05:46  [mysql] 	Attempting to start MySQL app...
15:05:46  [mysql] 	Status change detected: running
15:05:49  [mysql] 	Status change detected: stopped
15:05:49  [mysql] 	Error: MySQL shutdown unexpectedly.
15:05:49  [mysql] 	This may be due to a blocked port, missing dependencies, 
15:05:49  [mysql] 	improper privileges, a crash, or a shutdown by another method.
15:05:49  [mysql] 	Press the Logs button to view error logs and check
15:05:49  [mysql] 	the Windows Event Viewer for more clues
15:05:49  [mysql] 	If you need more help, copy and post this
15:05:49  [mysql] 	entire log window on the forums
15:07:35  [mysql] 	Problem detected!
15:07:35  [mysql] 	Port 3306 in use by "Unable to open process"!
15:07:35  [mysql] 	MySQL WILL NOT start without the configured ports free!
15:07:35  [mysql] 	You need to uninstall/disable/reconfigure the blocking application
15:07:35  [mysql] 	or reconfigure MySQL and the Control Panel to listen on a different port
15:07:35  [mysql] 	Attempting to start MySQL app...
15:07:35  [mysql] 	Status change detected: running
20:43:04  [Apache] 	Attempting to stop Apache (PID: 960)
20:43:04  [Apache] 	Attempting to stop Apache (PID: 3416)
20:43:04  [Apache] 	Status change detected: stopped
20:43:05  [mysql] 	Attempting to stop MySQL app...
20:43:05  [mysql] 	Status change detected: stopped
20:43:14  [Apache] 	Attempting to start Apache app...
20:43:14  [Apache] 	Status change detected: running
20:43:15  [mysql] 	Problem detected!
20:43:15  [mysql] 	Port 3306 in use by "Unable to open process"!
20:43:15  [mysql] 	MySQL WILL NOT start without the configured ports free!
20:43:15  [mysql] 	You need to uninstall/disable/reconfigure the blocking application
20:43:15  [mysql] 	or reconfigure MySQL and the Control Panel to listen on a different port
20:43:15  [mysql] 	Attempting to start MySQL app...
20:43:15  [mysql] 	Status change detected: running
02:02:17  [mysql] 	Attempting to stop MySQL app...
02:02:18  [mysql] 	Status change detected: stopped
02:02:18  [Apache] 	Attempting to stop Apache (PID: 9220)
02:02:19  [Apache] 	Attempting to stop Apache (PID: 12628)
02:02:19  [Apache] 	Status change detected: stopped
02:02:28  [main] 	Deinitializing Modules
02:02:28  [main] 	Deinitializing Control Panel

13:41:49  [main] 	Initializing Control Panel
13:41:49  [main] 	Windows Version:  Enterprise  64-bit
13:41:49  [main] 	XAMPP Version: 8.0.7
13:41:49  [main] 	Control Panel Version: 3.3.0  [ Compiled: Apr 6th 2021 ]
13:41:49  [main] 	You are not running with administrator rights! This will work for
13:41:49  [main] 	most application stuff but whenever you do something with services
13:41:49  [main] 	there will be a security dialogue or things will break! So think 
13:41:49  [main] 	about running this application with administrator rights!
13:41:49  [main] 	XAMPP Installation Directory: "c:\xampp\"
13:41:49  [main] 	Checking for prerequisites
13:41:53  [main] 	All prerequisites found
13:41:53  [main] 	Initializing Modules
13:41:53  [mysql] 	Problem detected!
13:41:53  [mysql] 	Port 3306 in use by "Unable to open process"!
13:41:53  [mysql] 	MySQL WILL NOT start without the configured ports free!
13:41:53  [mysql] 	You need to uninstall/disable/reconfigure the blocking application
13:41:53  [mysql] 	or reconfigure MySQL and the Control Panel to listen on a different port
13:41:53  [main] 	Starting Check-Timer
13:41:53  [main] 	Control Panel Ready
13:42:13  [Apache] 	Attempting to start Apache app...
13:42:13  [Apache] 	Status change detected: running
13:42:17  [mysql] 	Problem detected!
13:42:17  [mysql] 	Port 3306 in use by "Unable to open process"!
13:42:17  [mysql] 	MySQL WILL NOT start without the configured ports free!
13:42:17  [mysql] 	You need to uninstall/disable/reconfigure the blocking application
13:42:17  [mysql] 	or reconfigure MySQL and the Control Panel to listen on a different port
13:42:17  [mysql] 	Attempting to start MySQL app...
13:42:17  [mysql] 	Status change detected: running
15:47:48  [mysql] 	Attempting to stop MySQL app...
15:47:49  [mysql] 	Status change detected: stopped
15:47:49  [Apache] 	Attempting to stop Apache (PID: 8140)
15:47:49  [Apache] 	Attempting to stop Apache (PID: 7320)
15:47:50  [Apache] 	Status change detected: stopped
15:47:50  [Apache] 	Attempting to start Apache app...
15:47:51  [Apache] 	Status change detected: running
15:47:52  [mysql] 	Problem detected!
15:47:52  [mysql] 	Port 3306 in use by "Unable to open process"!
15:47:52  [mysql] 	MySQL WILL NOT start without the configured ports free!
15:47:52  [mysql] 	You need to uninstall/disable/reconfigure the blocking application
15:47:52  [mysql] 	or reconfigure MySQL and the Control Panel to listen on a different port
15:47:52  [mysql] 	Attempting to start MySQL app...
15:47:52  [mysql] 	Status change detected: running
18:33:08  [mysql] 	Attempting to stop MySQL app...
18:33:09  [mysql] 	Status change detected: stopped
18:33:09  [Apache] 	Attempting to stop Apache (PID: 8476)
18:33:09  [Apache] 	Attempting to stop Apache (PID: 8400)
18:33:09  [Apache] 	Status change detected: stopped
18:33:42  [main] 	Deinitializing Modules
18:33:42  [main] 	Deinitializing Control Panel

13:50:01  [main] 	Initializing Control Panel
13:50:01  [main] 	Windows Version:  Enterprise  64-bit
13:50:01  [main] 	XAMPP Version: 8.0.7
13:50:01  [main] 	Control Panel Version: 3.3.0  [ Compiled: Apr 6th 2021 ]
13:50:01  [main] 	You are not running with administrator rights! This will work for
13:50:01  [main] 	most application stuff but whenever you do something with services
13:50:01  [main] 	there will be a security dialogue or things will break! So think 
13:50:01  [main] 	about running this application with administrator rights!
13:50:01  [main] 	XAMPP Installation Directory: "c:\xampp\"
13:50:01  [main] 	Checking for prerequisites
13:50:01  [main] 	All prerequisites found
13:50:01  [main] 	Initializing Modules
13:50:01  [mysql] 	Problem detected!
13:50:01  [mysql] 	Port 3306 in use by "Unable to open process"!
13:50:01  [mysql] 	MySQL WILL NOT start without the configured ports free!
13:50:01  [mysql] 	You need to uninstall/disable/reconfigure the blocking application
13:50:01  [mysql] 	or reconfigure MySQL and the Control Panel to listen on a different port
13:50:02  [main] 	Starting Check-Timer
13:50:02  [main] 	Control Panel Ready
13:50:06  [Apache] 	Attempting to start Apache app...
13:50:06  [Apache] 	Status change detected: running
13:50:07  [mysql] 	Problem detected!
13:50:07  [mysql] 	Port 3306 in use by "Unable to open process"!
13:50:07  [mysql] 	MySQL WILL NOT start without the configured ports free!
13:50:07  [mysql] 	You need to uninstall/disable/reconfigure the blocking application
13:50:07  [mysql] 	or reconfigure MySQL and the Control Panel to listen on a different port
13:50:07  [mysql] 	Attempting to start MySQL app...
13:50:07  [mysql] 	Status change detected: running
16:42:15  [Apache] 	Attempting to stop Apache (PID: 6016)
16:42:15  [Apache] 	Attempting to stop Apache (PID: 11180)
16:42:15  [Apache] 	Status change detected: stopped
16:42:15  [mysql] 	Attempting to stop MySQL app...
16:42:16  [mysql] 	Status change detected: stopped
17:21:40  [Apache] 	Attempting to start Apache app...
17:21:41  [Apache] 	Status change detected: running
17:21:41  [mysql] 	Problem detected!
17:21:41  [mysql] 	Port 3306 in use by "Unable to open process"!
17:21:41  [mysql] 	MySQL WILL NOT start without the configured ports free!
17:21:41  [mysql] 	You need to uninstall/disable/reconfigure the blocking application
17:21:41  [mysql] 	or reconfigure MySQL and the Control Panel to listen on a different port
17:21:41  [mysql] 	Attempting to start MySQL app...
17:21:41  [mysql] 	Status change detected: running
22:13:12  [Apache] 	Attempting to stop Apache (PID: 10808)
22:13:12  [Apache] 	Attempting to stop Apache (PID: 11336)
22:13:13  [Apache] 	Status change detected: stopped
22:13:13  [mysql] 	Attempting to stop MySQL app...
22:13:14  [mysql] 	Status change detected: stopped
22:13:38  [Apache] 	Attempting to start Apache app...
22:13:39  [Apache] 	Status change detected: running
22:13:39  [mysql] 	Problem detected!
22:13:39  [mysql] 	Port 3306 in use by "Unable to open process"!
22:13:39  [mysql] 	MySQL WILL NOT start without the configured ports free!
22:13:39  [mysql] 	You need to uninstall/disable/reconfigure the blocking application
22:13:39  [mysql] 	or reconfigure MySQL and the Control Panel to listen on a different port
22:13:39  [mysql] 	Attempting to start MySQL app...
22:13:40  [mysql] 	Status change detected: running
23:06:52  [main] 	Deinitializing Modules
23:06:52  [main] 	Deinitializing Control Panel

20:06:28  [main] 	Initializing Control Panel
20:06:28  [main] 	Windows Version:  Enterprise  64-bit
20:06:28  [main] 	XAMPP Version: 8.0.7
20:06:28  [main] 	Control Panel Version: 3.3.0  [ Compiled: Apr 6th 2021 ]
20:06:28  [main] 	You are not running with administrator rights! This will work for
20:06:28  [main] 	most application stuff but whenever you do something with services
20:06:28  [main] 	there will be a security dialogue or things will break! So think 
20:06:28  [main] 	about running this application with administrator rights!
20:06:28  [main] 	XAMPP Installation Directory: "c:\xampp\"
20:06:28  [main] 	Checking for prerequisites
20:06:28  [main] 	All prerequisites found
20:06:28  [main] 	Initializing Modules
20:06:28  [mysql] 	Problem detected!
20:06:28  [mysql] 	Port 3306 in use by "Unable to open process"!
20:06:28  [mysql] 	MySQL WILL NOT start without the configured ports free!
20:06:28  [mysql] 	You need to uninstall/disable/reconfigure the blocking application
20:06:28  [mysql] 	or reconfigure MySQL and the Control Panel to listen on a different port
20:06:28  [main] 	Starting Check-Timer
20:06:28  [main] 	Control Panel Ready
20:06:30  [Apache] 	Attempting to start Apache app...
20:06:31  [Apache] 	Attempting to start Apache app...
20:06:31  [Apache] 	Status change detected: running
20:06:32  [mysql] 	Problem detected!
20:06:32  [mysql] 	Port 3306 in use by "Unable to open process"!
20:06:32  [mysql] 	MySQL WILL NOT start without the configured ports free!
20:06:32  [mysql] 	You need to uninstall/disable/reconfigure the blocking application
20:06:32  [mysql] 	or reconfigure MySQL and the Control Panel to listen on a different port
20:06:32  [mysql] 	Attempting to start MySQL app...
20:06:32  [mysql] 	Status change detected: running
13:54:35  [main] 	Deinitializing Modules
13:54:35  [main] 	Deinitializing Control Panel

12:38:50  [main] 	Initializing Control Panel
12:38:50  [main] 	Windows Version:  Enterprise  64-bit
12:38:52  [main] 	XAMPP Version: 8.0.7
12:38:52  [main] 	Control Panel Version: 3.3.0  [ Compiled: Apr 6th 2021 ]
12:38:52  [main] 	You are not running with administrator rights! This will work for
12:38:52  [main] 	most application stuff but whenever you do something with services
12:38:52  [main] 	there will be a security dialogue or things will break! So think 
12:38:52  [main] 	about running this application with administrator rights!
12:38:52  [main] 	XAMPP Installation Directory: "c:\xampp\"
12:38:52  [main] 	Checking for prerequisites
12:38:53  [main] 	All prerequisites found
12:38:53  [main] 	Initializing Modules
12:38:53  [mysql] 	Problem detected!
12:38:53  [mysql] 	Port 3306 in use by "Unable to open process"!
12:38:53  [mysql] 	MySQL WILL NOT start without the configured ports free!
12:38:53  [mysql] 	You need to uninstall/disable/reconfigure the blocking application
12:38:53  [mysql] 	or reconfigure MySQL and the Control Panel to listen on a different port
12:38:53  [main] 	Starting Check-Timer
12:38:53  [main] 	Control Panel Ready
12:38:57  [Apache] 	Attempting to start Apache app...
12:38:57  [Apache] 	Status change detected: running
12:38:58  [mysql] 	Problem detected!
12:38:58  [mysql] 	Port 3306 in use by "Unable to open process"!
12:38:58  [mysql] 	MySQL WILL NOT start without the configured ports free!
12:38:58  [mysql] 	You need to uninstall/disable/reconfigure the blocking application
12:38:58  [mysql] 	or reconfigure MySQL and the Control Panel to listen on a different port
12:38:58  [mysql] 	Attempting to start MySQL app...
12:38:58  [mysql] 	Status change detected: running
17:47:06  [mysql] 	Attempting to stop MySQL app...
17:47:06  [mysql] 	Status change detected: stopped
17:47:06  [Apache] 	Attempting to stop Apache (PID: 11228)
17:47:06  [Apache] 	Attempting to stop Apache (PID: 3636)
17:47:07  [Apache] 	Status change detected: stopped
19:36:06  [Apache] 	Status change detected: running
19:36:07  [mysql] 	Status change detected: running
12:59:52  [main] 	Deinitializing Modules
12:59:52  [main] 	Deinitializing Control Panel

13:26:50  [main] 	Initializing Control Panel
13:26:50  [main] 	Windows Version:  Enterprise  64-bit
13:26:50  [main] 	XAMPP Version: 8.0.7
13:26:50  [main] 	Control Panel Version: 3.3.0  [ Compiled: Apr 6th 2021 ]
13:26:50  [main] 	You are not running with administrator rights! This will work for
13:26:50  [main] 	most application stuff but whenever you do something with services
13:26:50  [main] 	there will be a security dialogue or things will break! So think 
13:26:50  [main] 	about running this application with administrator rights!
13:26:50  [main] 	XAMPP Installation Directory: "c:\xampp\"
13:26:50  [main] 	Checking for prerequisites
13:26:50  [main] 	All prerequisites found
13:26:50  [main] 	Initializing Modules
13:26:50  [mysql] 	Problem detected!
13:26:50  [mysql] 	Port 3306 in use by "Unable to open process"!
13:26:50  [mysql] 	MySQL WILL NOT start without the configured ports free!
13:26:50  [mysql] 	You need to uninstall/disable/reconfigure the blocking application
13:26:50  [mysql] 	or reconfigure MySQL and the Control Panel to listen on a different port
13:26:50  [main] 	Starting Check-Timer
13:26:50  [main] 	Control Panel Ready
13:26:53  [Apache] 	Attempting to start Apache app...
13:26:53  [Apache] 	Status change detected: running
13:26:53  [mysql] 	Problem detected!
13:26:53  [mysql] 	Port 3306 in use by "Unable to open process"!
13:26:53  [mysql] 	MySQL WILL NOT start without the configured ports free!
13:26:53  [mysql] 	You need to uninstall/disable/reconfigure the blocking application
13:26:53  [mysql] 	or reconfigure MySQL and the Control Panel to listen on a different port
13:26:54  [mysql] 	Attempting to start MySQL app...
13:26:54  [mysql] 	Status change detected: running
14:25:34  [main] 	Deinitializing Modules
14:25:34  [main] 	Deinitializing Control Panel

10:42:48  [main] 	Initializing Control Panel
10:42:48  [main] 	Windows Version:  Enterprise  64-bit
10:42:48  [main] 	XAMPP Version: 8.0.7
10:42:48  [main] 	Control Panel Version: 3.3.0  [ Compiled: Apr 6th 2021 ]
10:42:48  [main] 	You are not running with administrator rights! This will work for
10:42:48  [main] 	most application stuff but whenever you do something with services
10:42:48  [main] 	there will be a security dialogue or things will break! So think 
10:42:48  [main] 	about running this application with administrator rights!
10:42:48  [main] 	XAMPP Installation Directory: "c:\xampp\"
10:42:48  [main] 	Checking for prerequisites
10:42:48  [main] 	All prerequisites found
10:42:48  [main] 	Initializing Modules
10:42:48  [mysql] 	Problem detected!
10:42:48  [mysql] 	Port 3306 in use by "Unable to open process"!
10:42:48  [mysql] 	MySQL WILL NOT start without the configured ports free!
10:42:48  [mysql] 	You need to uninstall/disable/reconfigure the blocking application
10:42:48  [mysql] 	or reconfigure MySQL and the Control Panel to listen on a different port
10:42:48  [main] 	Starting Check-Timer
10:42:48  [main] 	Control Panel Ready
10:42:55  [Apache] 	Attempting to start Apache app...
10:42:55  [Apache] 	Status change detected: running
10:42:56  [mysql] 	Problem detected!
10:42:56  [mysql] 	Port 3306 in use by "Unable to open process"!
10:42:56  [mysql] 	MySQL WILL NOT start without the configured ports free!
10:42:56  [mysql] 	You need to uninstall/disable/reconfigure the blocking application
10:42:56  [mysql] 	or reconfigure MySQL and the Control Panel to listen on a different port
10:42:56  [mysql] 	Attempting to start MySQL app...
10:42:56  [mysql] 	Status change detected: running
12:29:28  [main] 	Deinitializing Modules
12:29:28  [main] 	Deinitializing Control Panel

09:39:18  [main] 	Initializing Control Panel
09:39:18  [main] 	Windows Version:  Enterprise  64-bit
09:39:18  [main] 	XAMPP Version: 8.0.7
09:39:18  [main] 	Control Panel Version: 3.3.0  [ Compiled: Apr 6th 2021 ]
09:39:18  [main] 	You are not running with administrator rights! This will work for
09:39:18  [main] 	most application stuff but whenever you do something with services
09:39:18  [main] 	there will be a security dialogue or things will break! So think 
09:39:18  [main] 	about running this application with administrator rights!
09:39:18  [main] 	XAMPP Installation Directory: "c:\xampp\"
09:39:18  [main] 	Checking for prerequisites
09:39:23  [main] 	All prerequisites found
09:39:23  [main] 	Initializing Modules
09:39:23  [mysql] 	Problem detected!
09:39:23  [mysql] 	Port 3306 in use by "Unable to open process"!
09:39:23  [mysql] 	MySQL WILL NOT start without the configured ports free!
09:39:23  [mysql] 	You need to uninstall/disable/reconfigure the blocking application
09:39:23  [mysql] 	or reconfigure MySQL and the Control Panel to listen on a different port
09:39:23  [main] 	Starting Check-Timer
09:39:23  [main] 	Control Panel Ready
09:39:28  [Apache] 	Attempting to start Apache app...
09:39:28  [Apache] 	Status change detected: running
09:39:29  [mysql] 	Problem detected!
09:39:29  [mysql] 	Port 3306 in use by "Unable to open process"!
09:39:29  [mysql] 	MySQL WILL NOT start without the configured ports free!
09:39:29  [mysql] 	You need to uninstall/disable/reconfigure the blocking application
09:39:29  [mysql] 	or reconfigure MySQL and the Control Panel to listen on a different port
09:39:29  [mysql] 	Attempting to start MySQL app...
09:39:29  [mysql] 	Status change detected: running
23:07:54  [Apache] 	Attempting to stop Apache (PID: 8544)
23:07:54  [Apache] 	Attempting to stop Apache (PID: 15244)
23:07:54  [mysql] 	Attempting to stop MySQL app...
23:07:54  [Apache] 	Status change detected: stopped
23:07:55  [mysql] 	Status change detected: stopped
23:11:05  [main] 	Deinitializing Modules
23:11:05  [main] 	Deinitializing Control Panel

22:08:53  [main] 	Initializing Control Panel
22:08:53  [main] 	Windows Version:  Enterprise  64-bit
22:08:53  [main] 	XAMPP Version: 8.0.7
22:08:53  [main] 	Control Panel Version: 3.3.0  [ Compiled: Apr 6th 2021 ]
22:08:53  [main] 	You are not running with administrator rights! This will work for
22:08:53  [main] 	most application stuff but whenever you do something with services
22:08:53  [main] 	there will be a security dialogue or things will break! So think 
22:08:53  [main] 	about running this application with administrator rights!
22:08:53  [main] 	XAMPP Installation Directory: "c:\xampp\"
22:08:53  [main] 	Checking for prerequisites
22:08:53  [main] 	All prerequisites found
22:08:53  [main] 	Initializing Modules
22:08:53  [mysql] 	Problem detected!
22:08:53  [mysql] 	Port 3306 in use by "Unable to open process"!
22:08:53  [mysql] 	MySQL WILL NOT start without the configured ports free!
22:08:53  [mysql] 	You need to uninstall/disable/reconfigure the blocking application
22:08:53  [mysql] 	or reconfigure MySQL and the Control Panel to listen on a different port
22:08:53  [main] 	Starting Check-Timer
22:08:53  [main] 	Control Panel Ready
22:09:46  [Apache] 	Status change detected: running
22:09:47  [mysql] 	Status change detected: running
23:32:53  [Apache] 	Attempting to stop Apache (PID: 12492)
23:32:53  [Apache] 	Attempting to stop Apache (PID: 5716)
23:32:53  [Apache] 	Status change detected: stopped
23:32:54  [mysql] 	Attempting to stop MySQL app...
23:32:54  [mysql] 	Status change detected: stopped
23:34:03  [main] 	Deinitializing Modules
23:34:03  [main] 	Deinitializing Control Panel

19:03:01  [main] 	Initializing Control Panel
19:03:01  [main] 	Windows Version:  Enterprise  64-bit
19:03:01  [main] 	XAMPP Version: 8.0.7
19:03:01  [main] 	Control Panel Version: 3.3.0  [ Compiled: Apr 6th 2021 ]
19:03:01  [main] 	You are not running with administrator rights! This will work for
19:03:01  [main] 	most application stuff but whenever you do something with services
19:03:01  [main] 	there will be a security dialogue or things will break! So think 
19:03:01  [main] 	about running this application with administrator rights!
19:03:01  [main] 	XAMPP Installation Directory: "c:\xampp\"
19:03:01  [main] 	Checking for prerequisites
19:03:12  [main] 	All prerequisites found
19:03:12  [main] 	Initializing Modules
19:03:12  [mysql] 	Problem detected!
19:03:12  [mysql] 	Port 3306 in use by "Unable to open process"!
19:03:12  [mysql] 	MySQL WILL NOT start without the configured ports free!
19:03:12  [mysql] 	You need to uninstall/disable/reconfigure the blocking application
19:03:12  [mysql] 	or reconfigure MySQL and the Control Panel to listen on a different port
19:03:12  [main] 	Starting Check-Timer
19:03:12  [main] 	Control Panel Ready
19:03:36  [Apache] 	Attempting to start Apache app...
19:03:36  [Apache] 	Status change detected: running
19:03:37  [Apache] 	Attempting to stop Apache (PID: 13424)
19:03:37  [Apache] 	Status change detected: stopped
19:04:25  [Apache] 	Attempting to start Apache app...
19:04:25  [Apache] 	Status change detected: running
19:04:26  [mysql] 	Problem detected!
19:04:26  [mysql] 	Port 3306 in use by "Unable to open process"!
19:04:26  [mysql] 	MySQL WILL NOT start without the configured ports free!
19:04:26  [mysql] 	You need to uninstall/disable/reconfigure the blocking application
19:04:26  [mysql] 	or reconfigure MySQL and the Control Panel to listen on a different port
19:04:26  [mysql] 	Attempting to start MySQL app...
19:04:28  [mysql] 	Status change detected: running
19:54:51  [mysql] 	Attempting to stop MySQL app...
19:54:52  [mysql] 	Status change detected: stopped
19:54:53  [Apache] 	Attempting to stop Apache (PID: 9436)
19:54:53  [Apache] 	Attempting to stop Apache (PID: 3592)
19:54:53  [Apache] 	Status change detected: stopped
20:40:21  [main] 	Deinitializing Modules
20:40:21  [main] 	Deinitializing Control Panel

